D:\My Space\POC\Demify\DemystifyFema_Main\DemystifyFema.Web\dist\out-tsc\src\app\common\global.js
D:\My Space\POC\Demify\DemystifyFema_Main\DemystifyFema.Web\dist\out-tsc\src\app\common\global.js.map
D:\My Space\POC\Demify\DemystifyFema_Main\DemystifyFema.Web\dist\out-tsc\src\app\auth\token.interceptor.js
D:\My Space\POC\Demify\DemystifyFema_Main\DemystifyFema.Web\dist\out-tsc\src\app\auth\token.interceptor.js.map
D:\My Space\POC\Demify\DemystifyFema_Main\DemystifyFema.Web\dist\out-tsc\src\app\common\auth.guard.js
D:\My Space\POC\Demify\DemystifyFema_Main\DemystifyFema.Web\dist\out-tsc\src\app\common\auth.guard.js.map
D:\My Space\POC\Demify\DemystifyFema_Main\DemystifyFema.Web\dist\out-tsc\src\app\model\userProfile.js
D:\My Space\POC\Demify\DemystifyFema_Main\DemystifyFema.Web\dist\out-tsc\src\app\model\userProfile.js.map
D:\My Space\POC\Demify\DemystifyFema_Main\DemystifyFema.Web\dist\out-tsc\src\app\common\spinner.component.js
D:\My Space\POC\Demify\DemystifyFema_Main\DemystifyFema.Web\dist\out-tsc\src\app\common\spinner.component.js.map
D:\My Space\POC\Demify\DemystifyFema_Main\DemystifyFema.Web\dist\out-tsc\src\app\service\common\spinner.service.js
D:\My Space\POC\Demify\DemystifyFema_Main\DemystifyFema.Web\dist\out-tsc\src\app\service\common\spinner.service.js.map
D:\My Space\POC\Demify\DemystifyFema_Main\DemystifyFema.Web\dist\out-tsc\src\app\common\http-params.js
D:\My Space\POC\Demify\DemystifyFema_Main\DemystifyFema.Web\dist\out-tsc\src\app\common\http-params.js.map
D:\My Space\POC\Demify\DemystifyFema_Main\DemystifyFema.Web\dist\out-tsc\src\app\service\common\account.service.js
D:\My Space\POC\Demify\DemystifyFema_Main\DemystifyFema.Web\dist\out-tsc\src\app\service\common\account.service.js.map
D:\My Space\POC\Demify\DemystifyFema_Main\DemystifyFema.Web\dist\out-tsc\src\app\service\user\userProfile.service.js
D:\My Space\POC\Demify\DemystifyFema_Main\DemystifyFema.Web\dist\out-tsc\src\app\service\user\userProfile.service.js.map
D:\My Space\POC\Demify\DemystifyFema_Main\DemystifyFema.Web\dist\out-tsc\src\app\model\commonField.js
D:\My Space\POC\Demify\DemystifyFema_Main\DemystifyFema.Web\dist\out-tsc\src\app\model\commonField.js.map
D:\My Space\POC\Demify\DemystifyFema_Main\DemystifyFema.Web\dist\out-tsc\src\app\service\common\commonField.service.js
D:\My Space\POC\Demify\DemystifyFema_Main\DemystifyFema.Web\dist\out-tsc\src\app\service\common\commonField.service.js.map
D:\My Space\POC\Demify\DemystifyFema_Main\DemystifyFema.Web\dist\out-tsc\src\app\model\fEMASubModuleOfModule.js
D:\My Space\POC\Demify\DemystifyFema_Main\DemystifyFema.Web\dist\out-tsc\src\app\model\fEMASubModuleOfModule.js.map
D:\My Space\POC\Demify\DemystifyFema_Main\DemystifyFema.Web\dist\out-tsc\src\app\model\rBIData.js
D:\My Space\POC\Demify\DemystifyFema_Main\DemystifyFema.Web\dist\out-tsc\src\app\model\rBIData.js.map
D:\My Space\POC\Demify\DemystifyFema_Main\DemystifyFema.Web\dist\out-tsc\src\app\service\user\fEMASubModuleOfModule.service.js
D:\My Space\POC\Demify\DemystifyFema_Main\DemystifyFema.Web\dist\out-tsc\src\app\service\user\fEMASubModuleOfModule.service.js.map
D:\My Space\POC\Demify\DemystifyFema_Main\DemystifyFema.Web\dist\out-tsc\src\app\model\rBIDataDetail.js
D:\My Space\POC\Demify\DemystifyFema_Main\DemystifyFema.Web\dist\out-tsc\src\app\model\rBIDataDetail.js.map
D:\My Space\POC\Demify\DemystifyFema_Main\DemystifyFema.Web\dist\out-tsc\src\app\service\user\rBIData.service.js
D:\My Space\POC\Demify\DemystifyFema_Main\DemystifyFema.Web\dist\out-tsc\src\app\service\user\rBIData.service.js.map
D:\My Space\POC\Demify\DemystifyFema_Main\DemystifyFema.Web\dist\out-tsc\src\app\model\subscription.js
D:\My Space\POC\Demify\DemystifyFema_Main\DemystifyFema.Web\dist\out-tsc\src\app\model\subscription.js.map
D:\My Space\POC\Demify\DemystifyFema_Main\DemystifyFema.Web\dist\out-tsc\src\app\model\subscriptionPackage.js
D:\My Space\POC\Demify\DemystifyFema_Main\DemystifyFema.Web\dist\out-tsc\src\app\model\subscriptionPackage.js.map
D:\My Space\POC\Demify\DemystifyFema_Main\DemystifyFema.Web\dist\out-tsc\src\app\service\user\subscription.service.js
D:\My Space\POC\Demify\DemystifyFema_Main\DemystifyFema.Web\dist\out-tsc\src\app\service\user\subscription.service.js.map
D:\My Space\POC\Demify\DemystifyFema_Main\DemystifyFema.Web\dist\out-tsc\src\app\model\regulationOfFEMASubModuleDetail.js
D:\My Space\POC\Demify\DemystifyFema_Main\DemystifyFema.Web\dist\out-tsc\src\app\model\regulationOfFEMASubModuleDetail.js.map
D:\My Space\POC\Demify\DemystifyFema_Main\DemystifyFema.Web\dist\out-tsc\src\app\model\notification.js
D:\My Space\POC\Demify\DemystifyFema_Main\DemystifyFema.Web\dist\out-tsc\src\app\model\notification.js.map
D:\My Space\POC\Demify\DemystifyFema_Main\DemystifyFema.Web\dist\out-tsc\src\app\model\femaIndex.js
D:\My Space\POC\Demify\DemystifyFema_Main\DemystifyFema.Web\dist\out-tsc\src\app\model\femaIndex.js.map
D:\My Space\POC\Demify\DemystifyFema_Main\DemystifyFema.Web\dist\out-tsc\src\app\model\femaSubIndex.js
D:\My Space\POC\Demify\DemystifyFema_Main\DemystifyFema.Web\dist\out-tsc\src\app\model\femaSubIndex.js.map
D:\My Space\POC\Demify\DemystifyFema_Main\DemystifyFema.Web\dist\out-tsc\src\app\model\indexAmendment.js
D:\My Space\POC\Demify\DemystifyFema_Main\DemystifyFema.Web\dist\out-tsc\src\app\model\indexAmendment.js.map
D:\My Space\POC\Demify\DemystifyFema_Main\DemystifyFema.Web\dist\out-tsc\src\app\model\rulesOfFEMASubModuleDetail.js
D:\My Space\POC\Demify\DemystifyFema_Main\DemystifyFema.Web\dist\out-tsc\src\app\model\rulesOfFEMASubModuleDetail.js.map
D:\My Space\POC\Demify\DemystifyFema_Main\DemystifyFema.Web\dist\out-tsc\src\app\model\gSRNotification.js
D:\My Space\POC\Demify\DemystifyFema_Main\DemystifyFema.Web\dist\out-tsc\src\app\model\gSRNotification.js.map
D:\My Space\POC\Demify\DemystifyFema_Main\DemystifyFema.Web\dist\out-tsc\src\app\model\rulesIndex.js
D:\My Space\POC\Demify\DemystifyFema_Main\DemystifyFema.Web\dist\out-tsc\src\app\model\rulesIndex.js.map
D:\My Space\POC\Demify\DemystifyFema_Main\DemystifyFema.Web\dist\out-tsc\src\app\model\rulesSubIndex.js
D:\My Space\POC\Demify\DemystifyFema_Main\DemystifyFema.Web\dist\out-tsc\src\app\model\rulesSubIndex.js.map
D:\My Space\POC\Demify\DemystifyFema_Main\DemystifyFema.Web\dist\out-tsc\src\app\model\rulesIndexAmendment.js
D:\My Space\POC\Demify\DemystifyFema_Main\DemystifyFema.Web\dist\out-tsc\src\app\model\rulesIndexAmendment.js.map
D:\My Space\POC\Demify\DemystifyFema_Main\DemystifyFema.Web\dist\out-tsc\src\app\service\user\regulationOfFEMASubModuleDetail.service.js
D:\My Space\POC\Demify\DemystifyFema_Main\DemystifyFema.Web\dist\out-tsc\src\app\service\user\regulationOfFEMASubModuleDetail.service.js.map
D:\My Space\POC\Demify\DemystifyFema_Main\DemystifyFema.Web\dist\out-tsc\src\app\service\user\notification.service.js
D:\My Space\POC\Demify\DemystifyFema_Main\DemystifyFema.Web\dist\out-tsc\src\app\service\user\notification.service.js.map
D:\My Space\POC\Demify\DemystifyFema_Main\DemystifyFema.Web\dist\out-tsc\src\app\service\user\rulesOfFEMASubModuleDetail.service.js
D:\My Space\POC\Demify\DemystifyFema_Main\DemystifyFema.Web\dist\out-tsc\src\app\service\user\rulesOfFEMASubModuleDetail.service.js.map
D:\My Space\POC\Demify\DemystifyFema_Main\DemystifyFema.Web\dist\out-tsc\src\app\service\user\gSRNotification.service.js
D:\My Space\POC\Demify\DemystifyFema_Main\DemystifyFema.Web\dist\out-tsc\src\app\service\user\gSRNotification.service.js.map
D:\My Space\POC\Demify\DemystifyFema_Main\DemystifyFema.Web\dist\out-tsc\src\app\common\dropDown.js
D:\My Space\POC\Demify\DemystifyFema_Main\DemystifyFema.Web\dist\out-tsc\src\app\common\dropDown.js.map
D:\My Space\POC\Demify\DemystifyFema_Main\DemystifyFema.Web\dist\out-tsc\src\app\areas\user\fEMAModule\regulationPopup.component.js
D:\My Space\POC\Demify\DemystifyFema_Main\DemystifyFema.Web\dist\out-tsc\src\app\areas\user\fEMAModule\regulationPopup.component.js.map
D:\My Space\POC\Demify\DemystifyFema_Main\DemystifyFema.Web\dist\out-tsc\src\app\model\authorWriteUp.js
D:\My Space\POC\Demify\DemystifyFema_Main\DemystifyFema.Web\dist\out-tsc\src\app\model\authorWriteUp.js.map
D:\My Space\POC\Demify\DemystifyFema_Main\DemystifyFema.Web\dist\out-tsc\src\app\service\user\authorWriteUp.service.js
D:\My Space\POC\Demify\DemystifyFema_Main\DemystifyFema.Web\dist\out-tsc\src\app\service\user\authorWriteUp.service.js.map
D:\My Space\POC\Demify\DemystifyFema_Main\DemystifyFema.Web\dist\out-tsc\src\app\model\authorWriteUpDetail.js
D:\My Space\POC\Demify\DemystifyFema_Main\DemystifyFema.Web\dist\out-tsc\src\app\model\authorWriteUpDetail.js.map
D:\My Space\POC\Demify\DemystifyFema_Main\DemystifyFema.Web\dist\out-tsc\src\app\service\user\authorWriteUpDetail.service.js
D:\My Space\POC\Demify\DemystifyFema_Main\DemystifyFema.Web\dist\out-tsc\src\app\service\user\authorWriteUpDetail.service.js.map
D:\My Space\POC\Demify\DemystifyFema_Main\DemystifyFema.Web\dist\out-tsc\src\app\areas\user\fEMAModule\authorsWriteupPopup.component.js
D:\My Space\POC\Demify\DemystifyFema_Main\DemystifyFema.Web\dist\out-tsc\src\app\areas\user\fEMAModule\authorsWriteupPopup.component.js.map
D:\My Space\POC\Demify\DemystifyFema_Main\DemystifyFema.Web\dist\out-tsc\src\app\model\actName.js
D:\My Space\POC\Demify\DemystifyFema_Main\DemystifyFema.Web\dist\out-tsc\src\app\model\actName.js.map
D:\My Space\POC\Demify\DemystifyFema_Main\DemystifyFema.Web\dist\out-tsc\src\app\service\user\actName.service.js
D:\My Space\POC\Demify\DemystifyFema_Main\DemystifyFema.Web\dist\out-tsc\src\app\service\user\actName.service.js.map
D:\My Space\POC\Demify\DemystifyFema_Main\DemystifyFema.Web\dist\out-tsc\src\app\areas\user\fEMAModule\actPopup.component.js
D:\My Space\POC\Demify\DemystifyFema_Main\DemystifyFema.Web\dist\out-tsc\src\app\areas\user\fEMAModule\actPopup.component.js.map
D:\My Space\POC\Demify\DemystifyFema_Main\DemystifyFema.Web\dist\out-tsc\src\app\model\masterCircular.js
D:\My Space\POC\Demify\DemystifyFema_Main\DemystifyFema.Web\dist\out-tsc\src\app\model\masterCircular.js.map
D:\My Space\POC\Demify\DemystifyFema_Main\DemystifyFema.Web\dist\out-tsc\src\app\model\masterCircularOfFEMASubModuleDetail.js
D:\My Space\POC\Demify\DemystifyFema_Main\DemystifyFema.Web\dist\out-tsc\src\app\model\masterCircularOfFEMASubModuleDetail.js.map
D:\My Space\POC\Demify\DemystifyFema_Main\DemystifyFema.Web\dist\out-tsc\src\app\model\masterCircularDetail.js
D:\My Space\POC\Demify\DemystifyFema_Main\DemystifyFema.Web\dist\out-tsc\src\app\model\masterCircularDetail.js.map
D:\My Space\POC\Demify\DemystifyFema_Main\DemystifyFema.Web\dist\out-tsc\src\app\model\aPDIRCircularOfFEMASubModuleDetail.js
D:\My Space\POC\Demify\DemystifyFema_Main\DemystifyFema.Web\dist\out-tsc\src\app\model\aPDIRCircularOfFEMASubModuleDetail.js.map
D:\My Space\POC\Demify\DemystifyFema_Main\DemystifyFema.Web\dist\out-tsc\src\app\service\user\masterCircularOfFEMASubModuleDetail.service.js
D:\My Space\POC\Demify\DemystifyFema_Main\DemystifyFema.Web\dist\out-tsc\src\app\service\user\masterCircularOfFEMASubModuleDetail.service.js.map
D:\My Space\POC\Demify\DemystifyFema_Main\DemystifyFema.Web\dist\out-tsc\src\app\service\user\aPDIRCircularOfFEMASubModuleDetail.service.js
D:\My Space\POC\Demify\DemystifyFema_Main\DemystifyFema.Web\dist\out-tsc\src\app\service\user\aPDIRCircularOfFEMASubModuleDetail.service.js.map
D:\My Space\POC\Demify\DemystifyFema_Main\DemystifyFema.Web\dist\out-tsc\src\app\model\masterDirectionOfFEMASubModuleDetail.js
D:\My Space\POC\Demify\DemystifyFema_Main\DemystifyFema.Web\dist\out-tsc\src\app\model\masterDirectionOfFEMASubModuleDetail.js.map
D:\My Space\POC\Demify\DemystifyFema_Main\DemystifyFema.Web\dist\out-tsc\src\app\model\masterDirectionFAQ.js
D:\My Space\POC\Demify\DemystifyFema_Main\DemystifyFema.Web\dist\out-tsc\src\app\model\masterDirectionFAQ.js.map
D:\My Space\POC\Demify\DemystifyFema_Main\DemystifyFema.Web\dist\out-tsc\src\app\model\masterDirectionChapter.js
D:\My Space\POC\Demify\DemystifyFema_Main\DemystifyFema.Web\dist\out-tsc\src\app\model\masterDirectionChapter.js.map
D:\My Space\POC\Demify\DemystifyFema_Main\DemystifyFema.Web\dist\out-tsc\src\app\model\masterDirectionIndex.js
D:\My Space\POC\Demify\DemystifyFema_Main\DemystifyFema.Web\dist\out-tsc\src\app\model\masterDirectionIndex.js.map
D:\My Space\POC\Demify\DemystifyFema_Main\DemystifyFema.Web\dist\out-tsc\src\app\model\masterDirectionSubIndex.js
D:\My Space\POC\Demify\DemystifyFema_Main\DemystifyFema.Web\dist\out-tsc\src\app\model\masterDirectionSubIndex.js.map
D:\My Space\POC\Demify\DemystifyFema_Main\DemystifyFema.Web\dist\out-tsc\src\app\model\masterDirectionIndexAmendment.js
D:\My Space\POC\Demify\DemystifyFema_Main\DemystifyFema.Web\dist\out-tsc\src\app\model\masterDirectionIndexAmendment.js.map
D:\My Space\POC\Demify\DemystifyFema_Main\DemystifyFema.Web\dist\out-tsc\src\app\service\user\masterDirectionOfFEMASubModuleDetail.service.js
D:\My Space\POC\Demify\DemystifyFema_Main\DemystifyFema.Web\dist\out-tsc\src\app\service\user\masterDirectionOfFEMASubModuleDetail.service.js.map
D:\My Space\POC\Demify\DemystifyFema_Main\DemystifyFema.Web\dist\out-tsc\src\app\model\fAQ.js
D:\My Space\POC\Demify\DemystifyFema_Main\DemystifyFema.Web\dist\out-tsc\src\app\model\fAQ.js.map
D:\My Space\POC\Demify\DemystifyFema_Main\DemystifyFema.Web\dist\out-tsc\src\app\model\rBIFAQOfFEMASubModuleDetail.js
D:\My Space\POC\Demify\DemystifyFema_Main\DemystifyFema.Web\dist\out-tsc\src\app\model\rBIFAQOfFEMASubModuleDetail.js.map
D:\My Space\POC\Demify\DemystifyFema_Main\DemystifyFema.Web\dist\out-tsc\src\app\service\user\fAQ.service.js
D:\My Space\POC\Demify\DemystifyFema_Main\DemystifyFema.Web\dist\out-tsc\src\app\service\user\fAQ.service.js.map
D:\My Space\POC\Demify\DemystifyFema_Main\DemystifyFema.Web\dist\out-tsc\src\app\service\user\rBIFAQOfFEMASubModuleDetail.service.js
D:\My Space\POC\Demify\DemystifyFema_Main\DemystifyFema.Web\dist\out-tsc\src\app\service\user\rBIFAQOfFEMASubModuleDetail.service.js.map
D:\My Space\POC\Demify\DemystifyFema_Main\DemystifyFema.Web\dist\out-tsc\src\app\areas\user\fEMAModule\masterDirectionPopup.component.js
D:\My Space\POC\Demify\DemystifyFema_Main\DemystifyFema.Web\dist\out-tsc\src\app\areas\user\fEMAModule\masterDirectionPopup.component.js.map
D:\My Space\POC\Demify\DemystifyFema_Main\DemystifyFema.Web\dist\out-tsc\src\app\model\pressNoteOfFEMASubModuleDetail.js
D:\My Space\POC\Demify\DemystifyFema_Main\DemystifyFema.Web\dist\out-tsc\src\app\model\pressNoteOfFEMASubModuleDetail.js.map
D:\My Space\POC\Demify\DemystifyFema_Main\DemystifyFema.Web\dist\out-tsc\src\app\service\user\pressNoteOfFEMASubModuleDetail.service.js
D:\My Space\POC\Demify\DemystifyFema_Main\DemystifyFema.Web\dist\out-tsc\src\app\service\user\pressNoteOfFEMASubModuleDetail.service.js.map
D:\My Space\POC\Demify\DemystifyFema_Main\DemystifyFema.Web\dist\out-tsc\src\app\model\fDICircular.js
D:\My Space\POC\Demify\DemystifyFema_Main\DemystifyFema.Web\dist\out-tsc\src\app\model\fDICircular.js.map
D:\My Space\POC\Demify\DemystifyFema_Main\DemystifyFema.Web\dist\out-tsc\src\app\model\fDIChapter.js
D:\My Space\POC\Demify\DemystifyFema_Main\DemystifyFema.Web\dist\out-tsc\src\app\model\fDIChapter.js.map
D:\My Space\POC\Demify\DemystifyFema_Main\DemystifyFema.Web\dist\out-tsc\src\app\model\fDICircularIndex.js
D:\My Space\POC\Demify\DemystifyFema_Main\DemystifyFema.Web\dist\out-tsc\src\app\model\fDICircularIndex.js.map
D:\My Space\POC\Demify\DemystifyFema_Main\DemystifyFema.Web\dist\out-tsc\src\app\model\fDICircularSubIndex.js
D:\My Space\POC\Demify\DemystifyFema_Main\DemystifyFema.Web\dist\out-tsc\src\app\model\fDICircularSubIndex.js.map
D:\My Space\POC\Demify\DemystifyFema_Main\DemystifyFema.Web\dist\out-tsc\src\app\model\fDICircularIndexAmendment.js
D:\My Space\POC\Demify\DemystifyFema_Main\DemystifyFema.Web\dist\out-tsc\src\app\model\fDICircularIndexAmendment.js.map
D:\My Space\POC\Demify\DemystifyFema_Main\DemystifyFema.Web\dist\out-tsc\src\app\service\user\fDICircularOfFEMASubModuleDetail.service.js
D:\My Space\POC\Demify\DemystifyFema_Main\DemystifyFema.Web\dist\out-tsc\src\app\service\user\fDICircularOfFEMASubModuleDetail.service.js.map
D:\My Space\POC\Demify\DemystifyFema_Main\DemystifyFema.Web\dist\out-tsc\src\app\areas\user\fEMAModule\fDICircularPopup.component.js
D:\My Space\POC\Demify\DemystifyFema_Main\DemystifyFema.Web\dist\out-tsc\src\app\areas\user\fEMAModule\fDICircularPopup.component.js.map
D:\My Space\POC\Demify\DemystifyFema_Main\DemystifyFema.Web\dist\out-tsc\src\app\model\nICCode.js
D:\My Space\POC\Demify\DemystifyFema_Main\DemystifyFema.Web\dist\out-tsc\src\app\model\nICCode.js.map
D:\My Space\POC\Demify\DemystifyFema_Main\DemystifyFema.Web\dist\out-tsc\src\app\service\user\nICCode.service.js
D:\My Space\POC\Demify\DemystifyFema_Main\DemystifyFema.Web\dist\out-tsc\src\app\service\user\nICCode.service.js.map
D:\My Space\POC\Demify\DemystifyFema_Main\DemystifyFema.Web\dist\out-tsc\src\app\areas\user\fEMAModule\nICCodePopup.component.js
D:\My Space\POC\Demify\DemystifyFema_Main\DemystifyFema.Web\dist\out-tsc\src\app\areas\user\fEMAModule\nICCodePopup.component.js.map
D:\My Space\POC\Demify\DemystifyFema_Main\DemystifyFema.Web\dist\out-tsc\src\app\model\fetersCode.js
D:\My Space\POC\Demify\DemystifyFema_Main\DemystifyFema.Web\dist\out-tsc\src\app\model\fetersCode.js.map
D:\My Space\POC\Demify\DemystifyFema_Main\DemystifyFema.Web\dist\out-tsc\src\app\model\fetersCodeDetail.js
D:\My Space\POC\Demify\DemystifyFema_Main\DemystifyFema.Web\dist\out-tsc\src\app\model\fetersCodeDetail.js.map
D:\My Space\POC\Demify\DemystifyFema_Main\DemystifyFema.Web\dist\out-tsc\src\app\model\fetersCodeGroupDetail.js
D:\My Space\POC\Demify\DemystifyFema_Main\DemystifyFema.Web\dist\out-tsc\src\app\model\fetersCodeGroupDetail.js.map
D:\My Space\POC\Demify\DemystifyFema_Main\DemystifyFema.Web\dist\out-tsc\src\app\service\user\fetersCode.service.js
D:\My Space\POC\Demify\DemystifyFema_Main\DemystifyFema.Web\dist\out-tsc\src\app\service\user\fetersCode.service.js.map
D:\My Space\POC\Demify\DemystifyFema_Main\DemystifyFema.Web\dist\out-tsc\src\app\areas\user\fEMAModule\fetersCodePopup.component.js
D:\My Space\POC\Demify\DemystifyFema_Main\DemystifyFema.Web\dist\out-tsc\src\app\areas\user\fEMAModule\fetersCodePopup.component.js.map
D:\My Space\POC\Demify\DemystifyFema_Main\DemystifyFema.Web\dist\out-tsc\src\app\model\formSummaryDocumentation.js
D:\My Space\POC\Demify\DemystifyFema_Main\DemystifyFema.Web\dist\out-tsc\src\app\model\formSummaryDocumentation.js.map
D:\My Space\POC\Demify\DemystifyFema_Main\DemystifyFema.Web\dist\out-tsc\src\app\model\formSummaryDocumentationDetail.js
D:\My Space\POC\Demify\DemystifyFema_Main\DemystifyFema.Web\dist\out-tsc\src\app\model\formSummaryDocumentationDetail.js.map
D:\My Space\POC\Demify\DemystifyFema_Main\DemystifyFema.Web\dist\out-tsc\src\app\model\formSummaryDocumentationOfFEMASubModuleDetail.js
D:\My Space\POC\Demify\DemystifyFema_Main\DemystifyFema.Web\dist\out-tsc\src\app\model\formSummaryDocumentationOfFEMASubModuleDetail.js.map
D:\My Space\POC\Demify\DemystifyFema_Main\DemystifyFema.Web\dist\out-tsc\src\app\service\user\formSummaryDocumentation.service.js
D:\My Space\POC\Demify\DemystifyFema_Main\DemystifyFema.Web\dist\out-tsc\src\app\service\user\formSummaryDocumentation.service.js.map
D:\My Space\POC\Demify\DemystifyFema_Main\DemystifyFema.Web\dist\out-tsc\src\app\areas\user\fEMAModule\formSummaryDocumentationPopup.component.js
D:\My Space\POC\Demify\DemystifyFema_Main\DemystifyFema.Web\dist\out-tsc\src\app\areas\user\fEMAModule\formSummaryDocumentationPopup.component.js.map
D:\My Space\POC\Demify\DemystifyFema_Main\DemystifyFema.Web\dist\out-tsc\src\app\model\manual.js
D:\My Space\POC\Demify\DemystifyFema_Main\DemystifyFema.Web\dist\out-tsc\src\app\model\manual.js.map
D:\My Space\POC\Demify\DemystifyFema_Main\DemystifyFema.Web\dist\out-tsc\src\app\service\user\manual.service.js
D:\My Space\POC\Demify\DemystifyFema_Main\DemystifyFema.Web\dist\out-tsc\src\app\service\user\manual.service.js.map
D:\My Space\POC\Demify\DemystifyFema_Main\DemystifyFema.Web\dist\out-tsc\src\app\areas\user\fEMAModule\manualPopup.component.js
D:\My Space\POC\Demify\DemystifyFema_Main\DemystifyFema.Web\dist\out-tsc\src\app\areas\user\fEMAModule\manualPopup.component.js.map
D:\My Space\POC\Demify\DemystifyFema_Main\DemystifyFema.Web\dist\out-tsc\src\app\model\fIPBReview.js
D:\My Space\POC\Demify\DemystifyFema_Main\DemystifyFema.Web\dist\out-tsc\src\app\model\fIPBReview.js.map
D:\My Space\POC\Demify\DemystifyFema_Main\DemystifyFema.Web\dist\out-tsc\src\app\model\dIPPClarification.js
D:\My Space\POC\Demify\DemystifyFema_Main\DemystifyFema.Web\dist\out-tsc\src\app\model\dIPPClarification.js.map
D:\My Space\POC\Demify\DemystifyFema_Main\DemystifyFema.Web\dist\out-tsc\src\app\model\fIPBPressReleaseCase.js
D:\My Space\POC\Demify\DemystifyFema_Main\DemystifyFema.Web\dist\out-tsc\src\app\model\fIPBPressReleaseCase.js.map
D:\My Space\POC\Demify\DemystifyFema_Main\DemystifyFema.Web\dist\out-tsc\src\app\service\user\fIPBReview.service.js
D:\My Space\POC\Demify\DemystifyFema_Main\DemystifyFema.Web\dist\out-tsc\src\app\service\user\fIPBReview.service.js.map
D:\My Space\POC\Demify\DemystifyFema_Main\DemystifyFema.Web\dist\out-tsc\src\app\service\user\dIPPClarification.service.js
D:\My Space\POC\Demify\DemystifyFema_Main\DemystifyFema.Web\dist\out-tsc\src\app\service\user\dIPPClarification.service.js.map
D:\My Space\POC\Demify\DemystifyFema_Main\DemystifyFema.Web\dist\out-tsc\src\app\service\user\fIPBPressReleaseCase.service.js
D:\My Space\POC\Demify\DemystifyFema_Main\DemystifyFema.Web\dist\out-tsc\src\app\service\user\fIPBPressReleaseCase.service.js.map
D:\My Space\POC\Demify\DemystifyFema_Main\DemystifyFema.Web\dist\out-tsc\src\app\areas\user\fEMAModule\fIPBReviewPopup.component.js
D:\My Space\POC\Demify\DemystifyFema_Main\DemystifyFema.Web\dist\out-tsc\src\app\areas\user\fEMAModule\fIPBReviewPopup.component.js.map
D:\My Space\POC\Demify\DemystifyFema_Main\DemystifyFema.Web\dist\out-tsc\src\app\areas\user\fEMAModule\rBIDIPPFAQPopup.component.js
D:\My Space\POC\Demify\DemystifyFema_Main\DemystifyFema.Web\dist\out-tsc\src\app\areas\user\fEMAModule\rBIDIPPFAQPopup.component.js.map
D:\My Space\POC\Demify\DemystifyFema_Main\DemystifyFema.Web\dist\out-tsc\src\app\areas\user\fEMAModule\rBIECBPopup.component.js
D:\My Space\POC\Demify\DemystifyFema_Main\DemystifyFema.Web\dist\out-tsc\src\app\areas\user\fEMAModule\rBIECBPopup.component.js.map
D:\My Space\POC\Demify\DemystifyFema_Main\DemystifyFema.Web\dist\out-tsc\src\app\areas\user\fEMAModule\rBIODIPopup.component.js
D:\My Space\POC\Demify\DemystifyFema_Main\DemystifyFema.Web\dist\out-tsc\src\app\areas\user\fEMAModule\rBIODIPopup.component.js.map
D:\My Space\POC\Demify\DemystifyFema_Main\DemystifyFema.Web\dist\out-tsc\src\app\model\rBICompoundingOrder.js
D:\My Space\POC\Demify\DemystifyFema_Main\DemystifyFema.Web\dist\out-tsc\src\app\model\rBICompoundingOrder.js.map
D:\My Space\POC\Demify\DemystifyFema_Main\DemystifyFema.Web\dist\out-tsc\src\app\service\user\rBICompoundingOrder.service.js
D:\My Space\POC\Demify\DemystifyFema_Main\DemystifyFema.Web\dist\out-tsc\src\app\service\user\rBICompoundingOrder.service.js.map
D:\My Space\POC\Demify\DemystifyFema_Main\DemystifyFema.Web\dist\out-tsc\src\app\areas\user\fEMAModule\rBICompoundingOrderPopup.component.js
D:\My Space\POC\Demify\DemystifyFema_Main\DemystifyFema.Web\dist\out-tsc\src\app\areas\user\fEMAModule\rBICompoundingOrderPopup.component.js.map
D:\My Space\POC\Demify\DemystifyFema_Main\DemystifyFema.Web\dist\out-tsc\src\app\model\keyDefinitionEvent.js
D:\My Space\POC\Demify\DemystifyFema_Main\DemystifyFema.Web\dist\out-tsc\src\app\model\keyDefinitionEvent.js.map
D:\My Space\POC\Demify\DemystifyFema_Main\DemystifyFema.Web\dist\out-tsc\src\app\service\user\keyDefinitionEvent.service.js
D:\My Space\POC\Demify\DemystifyFema_Main\DemystifyFema.Web\dist\out-tsc\src\app\service\user\keyDefinitionEvent.service.js.map
D:\My Space\POC\Demify\DemystifyFema_Main\DemystifyFema.Web\dist\out-tsc\src\app\areas\user\fEMAModule\keyDefinitionPopup.component.js
D:\My Space\POC\Demify\DemystifyFema_Main\DemystifyFema.Web\dist\out-tsc\src\app\areas\user\fEMAModule\keyDefinitionPopup.component.js.map
D:\My Space\POC\Demify\DemystifyFema_Main\DemystifyFema.Web\dist\out-tsc\src\app\areas\user\fEMAModule\keyEventPopup.component.js
D:\My Space\POC\Demify\DemystifyFema_Main\DemystifyFema.Web\dist\out-tsc\src\app\areas\user\fEMAModule\keyEventPopup.component.js.map
D:\My Space\POC\Demify\DemystifyFema_Main\DemystifyFema.Web\dist\out-tsc\src\app\model\sector.js
D:\My Space\POC\Demify\DemystifyFema_Main\DemystifyFema.Web\dist\out-tsc\src\app\model\sector.js.map
D:\My Space\POC\Demify\DemystifyFema_Main\DemystifyFema.Web\dist\out-tsc\src\app\model\subSector.js
D:\My Space\POC\Demify\DemystifyFema_Main\DemystifyFema.Web\dist\out-tsc\src\app\model\subSector.js.map
D:\My Space\POC\Demify\DemystifyFema_Main\DemystifyFema.Web\dist\out-tsc\src\app\model\sectorDetail.js
D:\My Space\POC\Demify\DemystifyFema_Main\DemystifyFema.Web\dist\out-tsc\src\app\model\sectorDetail.js.map
D:\My Space\POC\Demify\DemystifyFema_Main\DemystifyFema.Web\dist\out-tsc\src\app\service\user\sector.service.js
D:\My Space\POC\Demify\DemystifyFema_Main\DemystifyFema.Web\dist\out-tsc\src\app\service\user\sector.service.js.map
D:\My Space\POC\Demify\DemystifyFema_Main\DemystifyFema.Web\dist\out-tsc\src\app\areas\user\fEMAModule\sectorSnapshotPopup.component.js
D:\My Space\POC\Demify\DemystifyFema_Main\DemystifyFema.Web\dist\out-tsc\src\app\areas\user\fEMAModule\sectorSnapshotPopup.component.js.map
D:\My Space\POC\Demify\DemystifyFema_Main\DemystifyFema.Web\dist\out-tsc\src\app\model\calculatorSubTopic.js
D:\My Space\POC\Demify\DemystifyFema_Main\DemystifyFema.Web\dist\out-tsc\src\app\model\calculatorSubTopic.js.map
D:\My Space\POC\Demify\DemystifyFema_Main\DemystifyFema.Web\dist\out-tsc\src\app\model\penaltyDetail.js
D:\My Space\POC\Demify\DemystifyFema_Main\DemystifyFema.Web\dist\out-tsc\src\app\model\penaltyDetail.js.map
D:\My Space\POC\Demify\DemystifyFema_Main\DemystifyFema.Web\dist\out-tsc\src\app\service\user\penaltyDetail.service.js
D:\My Space\POC\Demify\DemystifyFema_Main\DemystifyFema.Web\dist\out-tsc\src\app\service\user\penaltyDetail.service.js.map
D:\My Space\POC\Demify\DemystifyFema_Main\DemystifyFema.Web\dist\out-tsc\src\app\service\user\calculatorSubTopic.service.js
D:\My Space\POC\Demify\DemystifyFema_Main\DemystifyFema.Web\dist\out-tsc\src\app\service\user\calculatorSubTopic.service.js.map
D:\My Space\POC\Demify\DemystifyFema_Main\DemystifyFema.Web\dist\out-tsc\src\app\areas\user\fEMAModule\fDIPenaltyCalculatorPopup.component.js
D:\My Space\POC\Demify\DemystifyFema_Main\DemystifyFema.Web\dist\out-tsc\src\app\areas\user\fEMAModule\fDIPenaltyCalculatorPopup.component.js.map
D:\My Space\POC\Demify\DemystifyFema_Main\DemystifyFema.Web\dist\out-tsc\src\app\areas\user\fEMAModule\eCBAverageMaturityCalculatorPopup.component.js
D:\My Space\POC\Demify\DemystifyFema_Main\DemystifyFema.Web\dist\out-tsc\src\app\areas\user\fEMAModule\eCBAverageMaturityCalculatorPopup.component.js.map
D:\My Space\POC\Demify\DemystifyFema_Main\DemystifyFema.Web\dist\out-tsc\src\app\areas\user\fEMAModule\compoundingPenaltyCalculatorPopup.component.js
D:\My Space\POC\Demify\DemystifyFema_Main\DemystifyFema.Web\dist\out-tsc\src\app\areas\user\fEMAModule\compoundingPenaltyCalculatorPopup.component.js.map
D:\My Space\POC\Demify\DemystifyFema_Main\DemystifyFema.Web\dist\out-tsc\src\app\model\calculatorAnswer.js
D:\My Space\POC\Demify\DemystifyFema_Main\DemystifyFema.Web\dist\out-tsc\src\app\model\calculatorAnswer.js.map
D:\My Space\POC\Demify\DemystifyFema_Main\DemystifyFema.Web\dist\out-tsc\src\app\service\user\calculatorAnswer.service.js
D:\My Space\POC\Demify\DemystifyFema_Main\DemystifyFema.Web\dist\out-tsc\src\app\service\user\calculatorAnswer.service.js.map
D:\My Space\POC\Demify\DemystifyFema_Main\DemystifyFema.Web\dist\out-tsc\src\app\areas\user\fEMAModule\lOBOPOEligibilityCalculatorPopup.component.js
D:\My Space\POC\Demify\DemystifyFema_Main\DemystifyFema.Web\dist\out-tsc\src\app\areas\user\fEMAModule\lOBOPOEligibilityCalculatorPopup.component.js.map
D:\My Space\POC\Demify\DemystifyFema_Main\DemystifyFema.Web\dist\out-tsc\src\app\areas\user\subscription\subscriptionPopup.component.js
D:\My Space\POC\Demify\DemystifyFema_Main\DemystifyFema.Web\dist\out-tsc\src\app\areas\user\subscription\subscriptionPopup.component.js.map
D:\My Space\POC\Demify\DemystifyFema_Main\DemystifyFema.Web\dist\out-tsc\src\app\model\endUserLicenseAggrement.js
D:\My Space\POC\Demify\DemystifyFema_Main\DemystifyFema.Web\dist\out-tsc\src\app\model\endUserLicenseAggrement.js.map
D:\My Space\POC\Demify\DemystifyFema_Main\DemystifyFema.Web\dist\out-tsc\src\app\service\admin\endUserLicenseAggrement.service.js
D:\My Space\POC\Demify\DemystifyFema_Main\DemystifyFema.Web\dist\out-tsc\src\app\service\admin\endUserLicenseAggrement.service.js.map
D:\My Space\POC\Demify\DemystifyFema_Main\DemystifyFema.Web\dist\out-tsc\src\app\areas\user\legalAggrement\legalAggrement.component.js
D:\My Space\POC\Demify\DemystifyFema_Main\DemystifyFema.Web\dist\out-tsc\src\app\areas\user\legalAggrement\legalAggrement.component.js.map
D:\My Space\POC\Demify\DemystifyFema_Main\DemystifyFema.Web\dist\out-tsc\src\app\areas\user\fEMAModule\fEMAModules.component.js
D:\My Space\POC\Demify\DemystifyFema_Main\DemystifyFema.Web\dist\out-tsc\src\app\areas\user\fEMAModule\fEMAModules.component.js.map
D:\My Space\POC\Demify\DemystifyFema_Main\DemystifyFema.Web\dist\out-tsc\src\app\model\supportTicket.js
D:\My Space\POC\Demify\DemystifyFema_Main\DemystifyFema.Web\dist\out-tsc\src\app\model\supportTicket.js.map
D:\My Space\POC\Demify\DemystifyFema_Main\DemystifyFema.Web\dist\out-tsc\src\app\service\user\supportTicket.service.js
D:\My Space\POC\Demify\DemystifyFema_Main\DemystifyFema.Web\dist\out-tsc\src\app\service\user\supportTicket.service.js.map
D:\My Space\POC\Demify\DemystifyFema_Main\DemystifyFema.Web\dist\out-tsc\src\app\service\common\latesNews.service.js
D:\My Space\POC\Demify\DemystifyFema_Main\DemystifyFema.Web\dist\out-tsc\src\app\service\common\latesNews.service.js.map
D:\My Space\POC\Demify\DemystifyFema_Main\DemystifyFema.Web\dist\out-tsc\src\app\model\login.js
D:\My Space\POC\Demify\DemystifyFema_Main\DemystifyFema.Web\dist\out-tsc\src\app\model\login.js.map
D:\My Space\POC\Demify\DemystifyFema_Main\DemystifyFema.Web\dist\out-tsc\src\app\areas\guest\layout\loginRegisterPopup.component.js
D:\My Space\POC\Demify\DemystifyFema_Main\DemystifyFema.Web\dist\out-tsc\src\app\areas\guest\layout\loginRegisterPopup.component.js.map
D:\My Space\POC\Demify\DemystifyFema_Main\DemystifyFema.Web\dist\out-tsc\src\app\model\search.js
D:\My Space\POC\Demify\DemystifyFema_Main\DemystifyFema.Web\dist\out-tsc\src\app\model\search.js.map
D:\My Space\POC\Demify\DemystifyFema_Main\DemystifyFema.Web\dist\out-tsc\src\app\service\common\search.service.js
D:\My Space\POC\Demify\DemystifyFema_Main\DemystifyFema.Web\dist\out-tsc\src\app\service\common\search.service.js.map
D:\My Space\POC\Demify\DemystifyFema_Main\DemystifyFema.Web\dist\out-tsc\src\app\areas\guest\home\searchedPDFPopup.component.js
D:\My Space\POC\Demify\DemystifyFema_Main\DemystifyFema.Web\dist\out-tsc\src\app\areas\guest\home\searchedPDFPopup.component.js.map
D:\My Space\POC\Demify\DemystifyFema_Main\DemystifyFema.Web\dist\out-tsc\src\app\areas\guest\home\home.component.js
D:\My Space\POC\Demify\DemystifyFema_Main\DemystifyFema.Web\dist\out-tsc\src\app\areas\guest\home\home.component.js.map
D:\My Space\POC\Demify\DemystifyFema_Main\DemystifyFema.Web\dist\out-tsc\src\app\model\privacyPolicy.js
D:\My Space\POC\Demify\DemystifyFema_Main\DemystifyFema.Web\dist\out-tsc\src\app\model\privacyPolicy.js.map
D:\My Space\POC\Demify\DemystifyFema_Main\DemystifyFema.Web\dist\out-tsc\src\app\service\admin\privacyPolicy.service.js
D:\My Space\POC\Demify\DemystifyFema_Main\DemystifyFema.Web\dist\out-tsc\src\app\service\admin\privacyPolicy.service.js.map
D:\My Space\POC\Demify\DemystifyFema_Main\DemystifyFema.Web\dist\out-tsc\src\app\areas\user\policy\policyPopup.component.js
D:\My Space\POC\Demify\DemystifyFema_Main\DemystifyFema.Web\dist\out-tsc\src\app\areas\user\policy\policyPopup.component.js.map
D:\My Space\POC\Demify\DemystifyFema_Main\DemystifyFema.Web\dist\out-tsc\src\app\model\termsCondition.js
D:\My Space\POC\Demify\DemystifyFema_Main\DemystifyFema.Web\dist\out-tsc\src\app\model\termsCondition.js.map
D:\My Space\POC\Demify\DemystifyFema_Main\DemystifyFema.Web\dist\out-tsc\src\app\service\admin\termsCondition.service.js
D:\My Space\POC\Demify\DemystifyFema_Main\DemystifyFema.Web\dist\out-tsc\src\app\service\admin\termsCondition.service.js.map
D:\My Space\POC\Demify\DemystifyFema_Main\DemystifyFema.Web\dist\out-tsc\src\app\areas\user\TermsandCondition\termsConditionPopup.component.js
D:\My Space\POC\Demify\DemystifyFema_Main\DemystifyFema.Web\dist\out-tsc\src\app\areas\user\TermsandCondition\termsConditionPopup.component.js.map
D:\My Space\POC\Demify\DemystifyFema_Main\DemystifyFema.Web\dist\out-tsc\src\app\areas\user\EULA\EULAPopup.component.js
D:\My Space\POC\Demify\DemystifyFema_Main\DemystifyFema.Web\dist\out-tsc\src\app\areas\user\EULA\EULAPopup.component.js.map
D:\My Space\POC\Demify\DemystifyFema_Main\DemystifyFema.Web\dist\out-tsc\src\app\model\subscriptionPolicy.js
D:\My Space\POC\Demify\DemystifyFema_Main\DemystifyFema.Web\dist\out-tsc\src\app\model\subscriptionPolicy.js.map
D:\My Space\POC\Demify\DemystifyFema_Main\DemystifyFema.Web\dist\out-tsc\src\app\service\admin\subscriptionPolicy.service.js
D:\My Space\POC\Demify\DemystifyFema_Main\DemystifyFema.Web\dist\out-tsc\src\app\service\admin\subscriptionPolicy.service.js.map
D:\My Space\POC\Demify\DemystifyFema_Main\DemystifyFema.Web\dist\out-tsc\src\app\areas\user\subscriptionPolicy\subscriptionPolicyPopup.component.js
D:\My Space\POC\Demify\DemystifyFema_Main\DemystifyFema.Web\dist\out-tsc\src\app\areas\user\subscriptionPolicy\subscriptionPolicyPopup.component.js.map
D:\My Space\POC\Demify\DemystifyFema_Main\DemystifyFema.Web\dist\out-tsc\src\app\common\idlePopup\idlePopup.component.js
D:\My Space\POC\Demify\DemystifyFema_Main\DemystifyFema.Web\dist\out-tsc\src\app\common\idlePopup\idlePopup.component.js.map
D:\My Space\POC\Demify\DemystifyFema_Main\DemystifyFema.Web\dist\out-tsc\src\app\areas\guest\layout\guest.component.js
D:\My Space\POC\Demify\DemystifyFema_Main\DemystifyFema.Web\dist\out-tsc\src\app\areas\guest\layout\guest.component.js.map
D:\My Space\POC\Demify\DemystifyFema_Main\DemystifyFema.Web\dist\out-tsc\src\app\areas\guest\aboutus\aboutus.component.js
D:\My Space\POC\Demify\DemystifyFema_Main\DemystifyFema.Web\dist\out-tsc\src\app\areas\guest\aboutus\aboutus.component.js.map
D:\My Space\POC\Demify\DemystifyFema_Main\DemystifyFema.Web\dist\out-tsc\src\app\model\contactUs.js
D:\My Space\POC\Demify\DemystifyFema_Main\DemystifyFema.Web\dist\out-tsc\src\app\model\contactUs.js.map
D:\My Space\POC\Demify\DemystifyFema_Main\DemystifyFema.Web\dist\out-tsc\src\app\service\common\contactUs.service.js
D:\My Space\POC\Demify\DemystifyFema_Main\DemystifyFema.Web\dist\out-tsc\src\app\service\common\contactUs.service.js.map
D:\My Space\POC\Demify\DemystifyFema_Main\DemystifyFema.Web\dist\out-tsc\src\app\areas\guest\contactus\contactus.component.js
D:\My Space\POC\Demify\DemystifyFema_Main\DemystifyFema.Web\dist\out-tsc\src\app\areas\guest\contactus\contactus.component.js.map
D:\My Space\POC\Demify\DemystifyFema_Main\DemystifyFema.Web\dist\out-tsc\src\app\areas\user\layout\user.component.js
D:\My Space\POC\Demify\DemystifyFema_Main\DemystifyFema.Web\dist\out-tsc\src\app\areas\user\layout\user.component.js.map
D:\My Space\POC\Demify\DemystifyFema_Main\DemystifyFema.Web\dist\out-tsc\src\app\areas\user\dashboard\dashboard.component.js
D:\My Space\POC\Demify\DemystifyFema_Main\DemystifyFema.Web\dist\out-tsc\src\app\areas\user\dashboard\dashboard.component.js.map
D:\My Space\POC\Demify\DemystifyFema_Main\DemystifyFema.Web\dist\out-tsc\src\app\model\supportTicketReply.js
D:\My Space\POC\Demify\DemystifyFema_Main\DemystifyFema.Web\dist\out-tsc\src\app\model\supportTicketReply.js.map
D:\My Space\POC\Demify\DemystifyFema_Main\DemystifyFema.Web\dist\out-tsc\src\app\model\supportTicketSubTopic.js
D:\My Space\POC\Demify\DemystifyFema_Main\DemystifyFema.Web\dist\out-tsc\src\app\model\supportTicketSubTopic.js.map
D:\My Space\POC\Demify\DemystifyFema_Main\DemystifyFema.Web\dist\out-tsc\src\app\service\user\supportTicketReply.service.js
D:\My Space\POC\Demify\DemystifyFema_Main\DemystifyFema.Web\dist\out-tsc\src\app\service\user\supportTicketReply.service.js.map
D:\My Space\POC\Demify\DemystifyFema_Main\DemystifyFema.Web\dist\out-tsc\src\app\service\user\supportTicketSubTopic.service.js
D:\My Space\POC\Demify\DemystifyFema_Main\DemystifyFema.Web\dist\out-tsc\src\app\service\user\supportTicketSubTopic.service.js.map
D:\My Space\POC\Demify\DemystifyFema_Main\DemystifyFema.Web\dist\out-tsc\src\app\areas\user\supportTicket\supportTicket.component.js
D:\My Space\POC\Demify\DemystifyFema_Main\DemystifyFema.Web\dist\out-tsc\src\app\areas\user\supportTicket\supportTicket.component.js.map
D:\My Space\POC\Demify\DemystifyFema_Main\DemystifyFema.Web\dist\out-tsc\src\app\areas\user\supportTicketReply\supportTicketReply.component.js
D:\My Space\POC\Demify\DemystifyFema_Main\DemystifyFema.Web\dist\out-tsc\src\app\areas\user\supportTicketReply\supportTicketReply.component.js.map
D:\My Space\POC\Demify\DemystifyFema_Main\DemystifyFema.Web\dist\out-tsc\src\app\model\package.js
D:\My Space\POC\Demify\DemystifyFema_Main\DemystifyFema.Web\dist\out-tsc\src\app\model\package.js.map
D:\My Space\POC\Demify\DemystifyFema_Main\DemystifyFema.Web\dist\out-tsc\src\app\service\user\package.service.js
D:\My Space\POC\Demify\DemystifyFema_Main\DemystifyFema.Web\dist\out-tsc\src\app\service\user\package.service.js.map
D:\My Space\POC\Demify\DemystifyFema_Main\DemystifyFema.Web\dist\out-tsc\src\app\areas\user\subscription\subscription.component.js
D:\My Space\POC\Demify\DemystifyFema_Main\DemystifyFema.Web\dist\out-tsc\src\app\areas\user\subscription\subscription.component.js.map
D:\My Space\POC\Demify\DemystifyFema_Main\DemystifyFema.Web\dist\out-tsc\src\app\areas\user\userPayment\userPayment.component.js
D:\My Space\POC\Demify\DemystifyFema_Main\DemystifyFema.Web\dist\out-tsc\src\app\areas\user\userPayment\userPayment.component.js.map
D:\My Space\POC\Demify\DemystifyFema_Main\DemystifyFema.Web\dist\out-tsc\src\app\model\register.js
D:\My Space\POC\Demify\DemystifyFema_Main\DemystifyFema.Web\dist\out-tsc\src\app\model\register.js.map
D:\My Space\POC\Demify\DemystifyFema_Main\DemystifyFema.Web\dist\out-tsc\src\app\areas\user\userProfile\otpConfirmationForProfile.component.js
D:\My Space\POC\Demify\DemystifyFema_Main\DemystifyFema.Web\dist\out-tsc\src\app\areas\user\userProfile\otpConfirmationForProfile.component.js.map
D:\My Space\POC\Demify\DemystifyFema_Main\DemystifyFema.Web\dist\out-tsc\src\app\areas\user\userProfile\userProfile.component.js
D:\My Space\POC\Demify\DemystifyFema_Main\DemystifyFema.Web\dist\out-tsc\src\app\areas\user\userProfile\userProfile.component.js.map
D:\My Space\POC\Demify\DemystifyFema_Main\DemystifyFema.Web\dist\out-tsc\src\app\areas\admin\layout\admin.component.js
D:\My Space\POC\Demify\DemystifyFema_Main\DemystifyFema.Web\dist\out-tsc\src\app\areas\admin\layout\admin.component.js.map
D:\My Space\POC\Demify\DemystifyFema_Main\DemystifyFema.Web\dist\out-tsc\src\app\areas\admin\layout\public_admin.component.js
D:\My Space\POC\Demify\DemystifyFema_Main\DemystifyFema.Web\dist\out-tsc\src\app\areas\admin\layout\public_admin.component.js.map
D:\My Space\POC\Demify\DemystifyFema_Main\DemystifyFema.Web\dist\out-tsc\src\app\areas\admin\login\login.component.js
D:\My Space\POC\Demify\DemystifyFema_Main\DemystifyFema.Web\dist\out-tsc\src\app\areas\admin\login\login.component.js.map
D:\My Space\POC\Demify\DemystifyFema_Main\DemystifyFema.Web\dist\out-tsc\src\app\areas\admin\dashboard\dashboard.component.js
D:\My Space\POC\Demify\DemystifyFema_Main\DemystifyFema.Web\dist\out-tsc\src\app\areas\admin\dashboard\dashboard.component.js.map
D:\My Space\POC\Demify\DemystifyFema_Main\DemystifyFema.Web\dist\out-tsc\src\app\model\allDefinition.js
D:\My Space\POC\Demify\DemystifyFema_Main\DemystifyFema.Web\dist\out-tsc\src\app\model\allDefinition.js.map
D:\My Space\POC\Demify\DemystifyFema_Main\DemystifyFema.Web\dist\out-tsc\src\app\service\admin\actName.service.js
D:\My Space\POC\Demify\DemystifyFema_Main\DemystifyFema.Web\dist\out-tsc\src\app\service\admin\actName.service.js.map
D:\My Space\POC\Demify\DemystifyFema_Main\DemystifyFema.Web\dist\out-tsc\src\app\service\admin\allDefinition.service.js
D:\My Space\POC\Demify\DemystifyFema_Main\DemystifyFema.Web\dist\out-tsc\src\app\service\admin\allDefinition.service.js.map
D:\My Space\POC\Demify\DemystifyFema_Main\DemystifyFema.Web\dist\out-tsc\src\app\areas\admin\contentPopUp\contentPopUp.component.js
D:\My Space\POC\Demify\DemystifyFema_Main\DemystifyFema.Web\dist\out-tsc\src\app\areas\admin\contentPopUp\contentPopUp.component.js.map
D:\My Space\POC\Demify\DemystifyFema_Main\DemystifyFema.Web\dist\out-tsc\src\app\areas\admin\actName\actNames.component.js
D:\My Space\POC\Demify\DemystifyFema_Main\DemystifyFema.Web\dist\out-tsc\src\app\areas\admin\actName\actNames.component.js.map
D:\My Space\POC\Demify\DemystifyFema_Main\DemystifyFema.Web\dist\out-tsc\src\app\areas\admin\actName\actName.component.js
D:\My Space\POC\Demify\DemystifyFema_Main\DemystifyFema.Web\dist\out-tsc\src\app\areas\admin\actName\actName.component.js.map
D:\My Space\POC\Demify\DemystifyFema_Main\DemystifyFema.Web\dist\out-tsc\src\app\areas\admin\allDefinition\allDefinition.component.js
D:\My Space\POC\Demify\DemystifyFema_Main\DemystifyFema.Web\dist\out-tsc\src\app\areas\admin\allDefinition\allDefinition.component.js.map
D:\My Space\POC\Demify\DemystifyFema_Main\DemystifyFema.Web\dist\out-tsc\src\app\model\regulation.js
D:\My Space\POC\Demify\DemystifyFema_Main\DemystifyFema.Web\dist\out-tsc\src\app\model\regulation.js.map
D:\My Space\POC\Demify\DemystifyFema_Main\DemystifyFema.Web\dist\out-tsc\src\app\service\admin\regulation.service.js
D:\My Space\POC\Demify\DemystifyFema_Main\DemystifyFema.Web\dist\out-tsc\src\app\service\admin\regulation.service.js.map
D:\My Space\POC\Demify\DemystifyFema_Main\DemystifyFema.Web\dist\out-tsc\src\app\service\admin\femaIndex.service.js
D:\My Space\POC\Demify\DemystifyFema_Main\DemystifyFema.Web\dist\out-tsc\src\app\service\admin\femaIndex.service.js.map
D:\My Space\POC\Demify\DemystifyFema_Main\DemystifyFema.Web\dist\out-tsc\src\app\service\admin\indexAmendment.service.js
D:\My Space\POC\Demify\DemystifyFema_Main\DemystifyFema.Web\dist\out-tsc\src\app\service\admin\indexAmendment.service.js.map
D:\My Space\POC\Demify\DemystifyFema_Main\DemystifyFema.Web\dist\out-tsc\src\app\service\admin\femaSubIndex.service.js
D:\My Space\POC\Demify\DemystifyFema_Main\DemystifyFema.Web\dist\out-tsc\src\app\service\admin\femaSubIndex.service.js.map
D:\My Space\POC\Demify\DemystifyFema_Main\DemystifyFema.Web\dist\out-tsc\src\app\areas\admin\regulation\regulations.component.js
D:\My Space\POC\Demify\DemystifyFema_Main\DemystifyFema.Web\dist\out-tsc\src\app\areas\admin\regulation\regulations.component.js.map
D:\My Space\POC\Demify\DemystifyFema_Main\DemystifyFema.Web\dist\out-tsc\src\app\areas\admin\regulation\regulation.component.js
D:\My Space\POC\Demify\DemystifyFema_Main\DemystifyFema.Web\dist\out-tsc\src\app\areas\admin\regulation\regulation.component.js.map
D:\My Space\POC\Demify\DemystifyFema_Main\DemystifyFema.Web\dist\out-tsc\src\app\areas\admin\femaIndex\femaIndex.component.js
D:\My Space\POC\Demify\DemystifyFema_Main\DemystifyFema.Web\dist\out-tsc\src\app\areas\admin\femaIndex\femaIndex.component.js.map
D:\My Space\POC\Demify\DemystifyFema_Main\DemystifyFema.Web\dist\out-tsc\src\app\service\admin\notification.service.js
D:\My Space\POC\Demify\DemystifyFema_Main\DemystifyFema.Web\dist\out-tsc\src\app\service\admin\notification.service.js.map
D:\My Space\POC\Demify\DemystifyFema_Main\DemystifyFema.Web\dist\out-tsc\src\app\areas\admin\indexAmendment\indexAmendment.component.js
D:\My Space\POC\Demify\DemystifyFema_Main\DemystifyFema.Web\dist\out-tsc\src\app\areas\admin\indexAmendment\indexAmendment.component.js.map
D:\My Space\POC\Demify\DemystifyFema_Main\DemystifyFema.Web\dist\out-tsc\src\app\areas\admin\femaSubIndex\femaSubIndex.component.js
D:\My Space\POC\Demify\DemystifyFema_Main\DemystifyFema.Web\dist\out-tsc\src\app\areas\admin\femaSubIndex\femaSubIndex.component.js.map
D:\My Space\POC\Demify\DemystifyFema_Main\DemystifyFema.Web\dist\out-tsc\src\app\model\masterDirection.js
D:\My Space\POC\Demify\DemystifyFema_Main\DemystifyFema.Web\dist\out-tsc\src\app\model\masterDirection.js.map
D:\My Space\POC\Demify\DemystifyFema_Main\DemystifyFema.Web\dist\out-tsc\src\app\service\admin\masterDirection.service.js
D:\My Space\POC\Demify\DemystifyFema_Main\DemystifyFema.Web\dist\out-tsc\src\app\service\admin\masterDirection.service.js.map
D:\My Space\POC\Demify\DemystifyFema_Main\DemystifyFema.Web\dist\out-tsc\src\app\service\admin\sector.service.js
D:\My Space\POC\Demify\DemystifyFema_Main\DemystifyFema.Web\dist\out-tsc\src\app\service\admin\sector.service.js.map
D:\My Space\POC\Demify\DemystifyFema_Main\DemystifyFema.Web\dist\out-tsc\src\app\service\admin\subSector.service.js
D:\My Space\POC\Demify\DemystifyFema_Main\DemystifyFema.Web\dist\out-tsc\src\app\service\admin\subSector.service.js.map
D:\My Space\POC\Demify\DemystifyFema_Main\DemystifyFema.Web\dist\out-tsc\src\app\areas\admin\notification\notification.component.js
D:\My Space\POC\Demify\DemystifyFema_Main\DemystifyFema.Web\dist\out-tsc\src\app\areas\admin\notification\notification.component.js.map
D:\My Space\POC\Demify\DemystifyFema_Main\DemystifyFema.Web\dist\out-tsc\src\app\areas\admin\notification\notifications.component.js
D:\My Space\POC\Demify\DemystifyFema_Main\DemystifyFema.Web\dist\out-tsc\src\app\areas\admin\notification\notifications.component.js.map
D:\My Space\POC\Demify\DemystifyFema_Main\DemystifyFema.Web\dist\out-tsc\src\app\model\aPDIRCircular.js
D:\My Space\POC\Demify\DemystifyFema_Main\DemystifyFema.Web\dist\out-tsc\src\app\model\aPDIRCircular.js.map
D:\My Space\POC\Demify\DemystifyFema_Main\DemystifyFema.Web\dist\out-tsc\src\app\service\admin\aPDIRCircular.service.js
D:\My Space\POC\Demify\DemystifyFema_Main\DemystifyFema.Web\dist\out-tsc\src\app\service\admin\aPDIRCircular.service.js.map
D:\My Space\POC\Demify\DemystifyFema_Main\DemystifyFema.Web\dist\out-tsc\src\app\areas\admin\aPDIRCircular\aPDIRCircular.component.js
D:\My Space\POC\Demify\DemystifyFema_Main\DemystifyFema.Web\dist\out-tsc\src\app\areas\admin\aPDIRCircular\aPDIRCircular.component.js.map
D:\My Space\POC\Demify\DemystifyFema_Main\DemystifyFema.Web\dist\out-tsc\src\app\model\aPDIRCircularBefore.js
D:\My Space\POC\Demify\DemystifyFema_Main\DemystifyFema.Web\dist\out-tsc\src\app\model\aPDIRCircularBefore.js.map
D:\My Space\POC\Demify\DemystifyFema_Main\DemystifyFema.Web\dist\out-tsc\src\app\model\aPDIRCircularAfter.js
D:\My Space\POC\Demify\DemystifyFema_Main\DemystifyFema.Web\dist\out-tsc\src\app\model\aPDIRCircularAfter.js.map
D:\My Space\POC\Demify\DemystifyFema_Main\DemystifyFema.Web\dist\out-tsc\src\app\service\admin\aPDIRCircularBefore.service.js
D:\My Space\POC\Demify\DemystifyFema_Main\DemystifyFema.Web\dist\out-tsc\src\app\service\admin\aPDIRCircularBefore.service.js.map
D:\My Space\POC\Demify\DemystifyFema_Main\DemystifyFema.Web\dist\out-tsc\src\app\service\admin\aPDIRCircularAfter.service.js
D:\My Space\POC\Demify\DemystifyFema_Main\DemystifyFema.Web\dist\out-tsc\src\app\service\admin\aPDIRCircularAfter.service.js.map
D:\My Space\POC\Demify\DemystifyFema_Main\DemystifyFema.Web\dist\out-tsc\src\app\areas\admin\aPDIRCircular\aPDIRCirculars.component.js
D:\My Space\POC\Demify\DemystifyFema_Main\DemystifyFema.Web\dist\out-tsc\src\app\areas\admin\aPDIRCircular\aPDIRCirculars.component.js.map
D:\My Space\POC\Demify\DemystifyFema_Main\DemystifyFema.Web\dist\out-tsc\src\app\areas\admin\aPDIRCircularBefore\aPDIRCircularBefore.component.js
D:\My Space\POC\Demify\DemystifyFema_Main\DemystifyFema.Web\dist\out-tsc\src\app\areas\admin\aPDIRCircularBefore\aPDIRCircularBefore.component.js.map
D:\My Space\POC\Demify\DemystifyFema_Main\DemystifyFema.Web\dist\out-tsc\src\app\areas\admin\aPDIRCircularAfter\aPDIRCircularAfter.component.js
D:\My Space\POC\Demify\DemystifyFema_Main\DemystifyFema.Web\dist\out-tsc\src\app\areas\admin\aPDIRCircularAfter\aPDIRCircularAfter.component.js.map
D:\My Space\POC\Demify\DemystifyFema_Main\DemystifyFema.Web\dist\out-tsc\src\app\model\pressNote.js
D:\My Space\POC\Demify\DemystifyFema_Main\DemystifyFema.Web\dist\out-tsc\src\app\model\pressNote.js.map
D:\My Space\POC\Demify\DemystifyFema_Main\DemystifyFema.Web\dist\out-tsc\src\app\service\admin\pressNote.service.js
D:\My Space\POC\Demify\DemystifyFema_Main\DemystifyFema.Web\dist\out-tsc\src\app\service\admin\pressNote.service.js.map
D:\My Space\POC\Demify\DemystifyFema_Main\DemystifyFema.Web\dist\out-tsc\src\app\areas\admin\pressNote\pressNote.component.js
D:\My Space\POC\Demify\DemystifyFema_Main\DemystifyFema.Web\dist\out-tsc\src\app\areas\admin\pressNote\pressNote.component.js.map
D:\My Space\POC\Demify\DemystifyFema_Main\DemystifyFema.Web\dist\out-tsc\src\app\model\pressNoteNotification.js
D:\My Space\POC\Demify\DemystifyFema_Main\DemystifyFema.Web\dist\out-tsc\src\app\model\pressNoteNotification.js.map
D:\My Space\POC\Demify\DemystifyFema_Main\DemystifyFema.Web\dist\out-tsc\src\app\model\pressNoteAPDIRCircular.js
D:\My Space\POC\Demify\DemystifyFema_Main\DemystifyFema.Web\dist\out-tsc\src\app\model\pressNoteAPDIRCircular.js.map
D:\My Space\POC\Demify\DemystifyFema_Main\DemystifyFema.Web\dist\out-tsc\src\app\service\admin\pressNoteNotification.service.js
D:\My Space\POC\Demify\DemystifyFema_Main\DemystifyFema.Web\dist\out-tsc\src\app\service\admin\pressNoteNotification.service.js.map
D:\My Space\POC\Demify\DemystifyFema_Main\DemystifyFema.Web\dist\out-tsc\src\app\service\admin\pressNoteAPDIRCircular.service.js
D:\My Space\POC\Demify\DemystifyFema_Main\DemystifyFema.Web\dist\out-tsc\src\app\service\admin\pressNoteAPDIRCircular.service.js.map
D:\My Space\POC\Demify\DemystifyFema_Main\DemystifyFema.Web\dist\out-tsc\src\app\areas\admin\pressNote\pressNotes.component.js
D:\My Space\POC\Demify\DemystifyFema_Main\DemystifyFema.Web\dist\out-tsc\src\app\areas\admin\pressNote\pressNotes.component.js.map
D:\My Space\POC\Demify\DemystifyFema_Main\DemystifyFema.Web\dist\out-tsc\src\app\areas\admin\pressNoteNotification\pressNoteNotification.component.js
D:\My Space\POC\Demify\DemystifyFema_Main\DemystifyFema.Web\dist\out-tsc\src\app\areas\admin\pressNoteNotification\pressNoteNotification.component.js.map
D:\My Space\POC\Demify\DemystifyFema_Main\DemystifyFema.Web\dist\out-tsc\src\app\areas\admin\pressNoteAPDIRCircular\pressNoteAPDIRCircular.component.js
D:\My Space\POC\Demify\DemystifyFema_Main\DemystifyFema.Web\dist\out-tsc\src\app\areas\admin\pressNoteAPDIRCircular\pressNoteAPDIRCircular.component.js.map
D:\My Space\POC\Demify\DemystifyFema_Main\DemystifyFema.Web\dist\out-tsc\src\app\service\admin\fDICircular.service.js
D:\My Space\POC\Demify\DemystifyFema_Main\DemystifyFema.Web\dist\out-tsc\src\app\service\admin\fDICircular.service.js.map
D:\My Space\POC\Demify\DemystifyFema_Main\DemystifyFema.Web\dist\out-tsc\src\app\areas\admin\fDICircular\fDICircular.component.js
D:\My Space\POC\Demify\DemystifyFema_Main\DemystifyFema.Web\dist\out-tsc\src\app\areas\admin\fDICircular\fDICircular.component.js.map
D:\My Space\POC\Demify\DemystifyFema_Main\DemystifyFema.Web\dist\out-tsc\src\app\service\admin\fDIChapter.service.js
D:\My Space\POC\Demify\DemystifyFema_Main\DemystifyFema.Web\dist\out-tsc\src\app\service\admin\fDIChapter.service.js.map
D:\My Space\POC\Demify\DemystifyFema_Main\DemystifyFema.Web\dist\out-tsc\src\app\service\admin\fDICircularIndex.service.js
D:\My Space\POC\Demify\DemystifyFema_Main\DemystifyFema.Web\dist\out-tsc\src\app\service\admin\fDICircularIndex.service.js.map
D:\My Space\POC\Demify\DemystifyFema_Main\DemystifyFema.Web\dist\out-tsc\src\app\service\admin\fDICircularIndexAmendment.service.js
D:\My Space\POC\Demify\DemystifyFema_Main\DemystifyFema.Web\dist\out-tsc\src\app\service\admin\fDICircularIndexAmendment.service.js.map
D:\My Space\POC\Demify\DemystifyFema_Main\DemystifyFema.Web\dist\out-tsc\src\app\service\admin\fDICircularSubIndex.service.js
D:\My Space\POC\Demify\DemystifyFema_Main\DemystifyFema.Web\dist\out-tsc\src\app\service\admin\fDICircularSubIndex.service.js.map
D:\My Space\POC\Demify\DemystifyFema_Main\DemystifyFema.Web\dist\out-tsc\src\app\areas\admin\fDICircular\fDICirculars.component.js
D:\My Space\POC\Demify\DemystifyFema_Main\DemystifyFema.Web\dist\out-tsc\src\app\areas\admin\fDICircular\fDICirculars.component.js.map
D:\My Space\POC\Demify\DemystifyFema_Main\DemystifyFema.Web\dist\out-tsc\src\app\areas\admin\fDIChapter\fDIChapter.component.js
D:\My Space\POC\Demify\DemystifyFema_Main\DemystifyFema.Web\dist\out-tsc\src\app\areas\admin\fDIChapter\fDIChapter.component.js.map
D:\My Space\POC\Demify\DemystifyFema_Main\DemystifyFema.Web\dist\out-tsc\src\app\areas\admin\fDICircularIndex\fDICircularIndex.component.js
D:\My Space\POC\Demify\DemystifyFema_Main\DemystifyFema.Web\dist\out-tsc\src\app\areas\admin\fDICircularIndex\fDICircularIndex.component.js.map
D:\My Space\POC\Demify\DemystifyFema_Main\DemystifyFema.Web\dist\out-tsc\src\app\areas\admin\fDICircularIndexAmendment\fDICircularIndexAmendment.component.js
D:\My Space\POC\Demify\DemystifyFema_Main\DemystifyFema.Web\dist\out-tsc\src\app\areas\admin\fDICircularIndexAmendment\fDICircularIndexAmendment.component.js.map
D:\My Space\POC\Demify\DemystifyFema_Main\DemystifyFema.Web\dist\out-tsc\src\app\areas\admin\fDICircularSubIndex\fDICircularSubIndex.component.js
D:\My Space\POC\Demify\DemystifyFema_Main\DemystifyFema.Web\dist\out-tsc\src\app\areas\admin\fDICircularSubIndex\fDICircularSubIndex.component.js.map
D:\My Space\POC\Demify\DemystifyFema_Main\DemystifyFema.Web\dist\out-tsc\src\app\areas\admin\sector\sector.component.js
D:\My Space\POC\Demify\DemystifyFema_Main\DemystifyFema.Web\dist\out-tsc\src\app\areas\admin\sector\sector.component.js.map
D:\My Space\POC\Demify\DemystifyFema_Main\DemystifyFema.Web\dist\out-tsc\src\app\service\admin\sectorDetail.service.js
D:\My Space\POC\Demify\DemystifyFema_Main\DemystifyFema.Web\dist\out-tsc\src\app\service\admin\sectorDetail.service.js.map
D:\My Space\POC\Demify\DemystifyFema_Main\DemystifyFema.Web\dist\out-tsc\src\app\areas\admin\sector\sectors.component.js
D:\My Space\POC\Demify\DemystifyFema_Main\DemystifyFema.Web\dist\out-tsc\src\app\areas\admin\sector\sectors.component.js.map
D:\My Space\POC\Demify\DemystifyFema_Main\DemystifyFema.Web\dist\out-tsc\src\app\areas\admin\sectorDetail\sectorDetail.component.js
D:\My Space\POC\Demify\DemystifyFema_Main\DemystifyFema.Web\dist\out-tsc\src\app\areas\admin\sectorDetail\sectorDetail.component.js.map
D:\My Space\POC\Demify\DemystifyFema_Main\DemystifyFema.Web\dist\out-tsc\src\app\areas\admin\subSector\subSector.component.js
D:\My Space\POC\Demify\DemystifyFema_Main\DemystifyFema.Web\dist\out-tsc\src\app\areas\admin\subSector\subSector.component.js.map
D:\My Space\POC\Demify\DemystifyFema_Main\DemystifyFema.Web\dist\out-tsc\src\app\service\admin\masterCircular.service.js
D:\My Space\POC\Demify\DemystifyFema_Main\DemystifyFema.Web\dist\out-tsc\src\app\service\admin\masterCircular.service.js.map
D:\My Space\POC\Demify\DemystifyFema_Main\DemystifyFema.Web\dist\out-tsc\src\app\areas\admin\masterCircular\masterCircular.component.js
D:\My Space\POC\Demify\DemystifyFema_Main\DemystifyFema.Web\dist\out-tsc\src\app\areas\admin\masterCircular\masterCircular.component.js.map
D:\My Space\POC\Demify\DemystifyFema_Main\DemystifyFema.Web\dist\out-tsc\src\app\service\admin\masterCircularDetail.service.js
D:\My Space\POC\Demify\DemystifyFema_Main\DemystifyFema.Web\dist\out-tsc\src\app\service\admin\masterCircularDetail.service.js.map
D:\My Space\POC\Demify\DemystifyFema_Main\DemystifyFema.Web\dist\out-tsc\src\app\areas\admin\masterCircularDetail\masterCircularDetail.component.js
D:\My Space\POC\Demify\DemystifyFema_Main\DemystifyFema.Web\dist\out-tsc\src\app\areas\admin\masterCircularDetail\masterCircularDetail.component.js.map
D:\My Space\POC\Demify\DemystifyFema_Main\DemystifyFema.Web\dist\out-tsc\src\app\areas\admin\masterCircular\masterCirculars.component.js
D:\My Space\POC\Demify\DemystifyFema_Main\DemystifyFema.Web\dist\out-tsc\src\app\areas\admin\masterCircular\masterCirculars.component.js.map
D:\My Space\POC\Demify\DemystifyFema_Main\DemystifyFema.Web\dist\out-tsc\src\app\model\fAQCategory.js
D:\My Space\POC\Demify\DemystifyFema_Main\DemystifyFema.Web\dist\out-tsc\src\app\model\fAQCategory.js.map
D:\My Space\POC\Demify\DemystifyFema_Main\DemystifyFema.Web\dist\out-tsc\src\app\service\admin\fAQ.service.js
D:\My Space\POC\Demify\DemystifyFema_Main\DemystifyFema.Web\dist\out-tsc\src\app\service\admin\fAQ.service.js.map
D:\My Space\POC\Demify\DemystifyFema_Main\DemystifyFema.Web\dist\out-tsc\src\app\service\admin\fAQCategory.service.js
D:\My Space\POC\Demify\DemystifyFema_Main\DemystifyFema.Web\dist\out-tsc\src\app\service\admin\fAQCategory.service.js.map
D:\My Space\POC\Demify\DemystifyFema_Main\DemystifyFema.Web\dist\out-tsc\src\app\areas\admin\fAQ\fAQ.component.js
D:\My Space\POC\Demify\DemystifyFema_Main\DemystifyFema.Web\dist\out-tsc\src\app\areas\admin\fAQ\fAQ.component.js.map
D:\My Space\POC\Demify\DemystifyFema_Main\DemystifyFema.Web\dist\out-tsc\src\app\areas\admin\fAQ\fAQs.component.js
D:\My Space\POC\Demify\DemystifyFema_Main\DemystifyFema.Web\dist\out-tsc\src\app\areas\admin\fAQ\fAQs.component.js.map
D:\My Space\POC\Demify\DemystifyFema_Main\DemystifyFema.Web\dist\out-tsc\src\app\areas\admin\fAQCategory\fAQCategory.component.js
D:\My Space\POC\Demify\DemystifyFema_Main\DemystifyFema.Web\dist\out-tsc\src\app\areas\admin\fAQCategory\fAQCategory.component.js.map
D:\My Space\POC\Demify\DemystifyFema_Main\DemystifyFema.Web\dist\out-tsc\src\app\areas\admin\fAQCategory\fAQCategories.component.js
D:\My Space\POC\Demify\DemystifyFema_Main\DemystifyFema.Web\dist\out-tsc\src\app\areas\admin\fAQCategory\fAQCategories.component.js.map
D:\My Space\POC\Demify\DemystifyFema_Main\DemystifyFema.Web\dist\out-tsc\src\app\areas\admin\masterDirection\masterDirection.component.js
D:\My Space\POC\Demify\DemystifyFema_Main\DemystifyFema.Web\dist\out-tsc\src\app\areas\admin\masterDirection\masterDirection.component.js.map
D:\My Space\POC\Demify\DemystifyFema_Main\DemystifyFema.Web\dist\out-tsc\src\app\service\admin\masterDirectionFAQ.service.js
D:\My Space\POC\Demify\DemystifyFema_Main\DemystifyFema.Web\dist\out-tsc\src\app\service\admin\masterDirectionFAQ.service.js.map
D:\My Space\POC\Demify\DemystifyFema_Main\DemystifyFema.Web\dist\out-tsc\src\app\service\admin\masterDirectionChapter.service.js
D:\My Space\POC\Demify\DemystifyFema_Main\DemystifyFema.Web\dist\out-tsc\src\app\service\admin\masterDirectionChapter.service.js.map
D:\My Space\POC\Demify\DemystifyFema_Main\DemystifyFema.Web\dist\out-tsc\src\app\service\admin\masterDirectionIndex.service.js
D:\My Space\POC\Demify\DemystifyFema_Main\DemystifyFema.Web\dist\out-tsc\src\app\service\admin\masterDirectionIndex.service.js.map
D:\My Space\POC\Demify\DemystifyFema_Main\DemystifyFema.Web\dist\out-tsc\src\app\service\admin\masterDirectionIndexAmendment.service.js
D:\My Space\POC\Demify\DemystifyFema_Main\DemystifyFema.Web\dist\out-tsc\src\app\service\admin\masterDirectionIndexAmendment.service.js.map
D:\My Space\POC\Demify\DemystifyFema_Main\DemystifyFema.Web\dist\out-tsc\src\app\service\admin\masterDirectionSubIndex.service.js
D:\My Space\POC\Demify\DemystifyFema_Main\DemystifyFema.Web\dist\out-tsc\src\app\service\admin\masterDirectionSubIndex.service.js.map
D:\My Space\POC\Demify\DemystifyFema_Main\DemystifyFema.Web\dist\out-tsc\src\app\areas\admin\masterDirection\masterDirections.component.js
D:\My Space\POC\Demify\DemystifyFema_Main\DemystifyFema.Web\dist\out-tsc\src\app\areas\admin\masterDirection\masterDirections.component.js.map
D:\My Space\POC\Demify\DemystifyFema_Main\DemystifyFema.Web\dist\out-tsc\src\app\areas\admin\masterDirectionFAQ\masterDirectionFAQ.component.js
D:\My Space\POC\Demify\DemystifyFema_Main\DemystifyFema.Web\dist\out-tsc\src\app\areas\admin\masterDirectionFAQ\masterDirectionFAQ.component.js.map
D:\My Space\POC\Demify\DemystifyFema_Main\DemystifyFema.Web\dist\out-tsc\src\app\areas\admin\masterDirectionChapter\masterDirectionChapter.component.js
D:\My Space\POC\Demify\DemystifyFema_Main\DemystifyFema.Web\dist\out-tsc\src\app\areas\admin\masterDirectionChapter\masterDirectionChapter.component.js.map
D:\My Space\POC\Demify\DemystifyFema_Main\DemystifyFema.Web\dist\out-tsc\src\app\areas\admin\masterDirectionIndex\masterDirectionIndex.component.js
D:\My Space\POC\Demify\DemystifyFema_Main\DemystifyFema.Web\dist\out-tsc\src\app\areas\admin\masterDirectionIndex\masterDirectionIndex.component.js.map
D:\My Space\POC\Demify\DemystifyFema_Main\DemystifyFema.Web\dist\out-tsc\src\app\areas\admin\masterDirectionSubIndex\masterDirectionSubIndex.component.js
D:\My Space\POC\Demify\DemystifyFema_Main\DemystifyFema.Web\dist\out-tsc\src\app\areas\admin\masterDirectionSubIndex\masterDirectionSubIndex.component.js.map
D:\My Space\POC\Demify\DemystifyFema_Main\DemystifyFema.Web\dist\out-tsc\src\app\areas\admin\masterDirectionIndexAmendment\masterDirectionIndexAmendment.component.js
D:\My Space\POC\Demify\DemystifyFema_Main\DemystifyFema.Web\dist\out-tsc\src\app\areas\admin\masterDirectionIndexAmendment\masterDirectionIndexAmendment.component.js.map
D:\My Space\POC\Demify\DemystifyFema_Main\DemystifyFema.Web\dist\out-tsc\src\app\service\admin\nICCode.service.js
D:\My Space\POC\Demify\DemystifyFema_Main\DemystifyFema.Web\dist\out-tsc\src\app\service\admin\nICCode.service.js.map
D:\My Space\POC\Demify\DemystifyFema_Main\DemystifyFema.Web\dist\out-tsc\src\app\areas\admin\nICCode\nICCodes.component.js
D:\My Space\POC\Demify\DemystifyFema_Main\DemystifyFema.Web\dist\out-tsc\src\app\areas\admin\nICCode\nICCodes.component.js.map
D:\My Space\POC\Demify\DemystifyFema_Main\DemystifyFema.Web\dist\out-tsc\src\app\areas\admin\nICCode\nICCode.component.js
D:\My Space\POC\Demify\DemystifyFema_Main\DemystifyFema.Web\dist\out-tsc\src\app\areas\admin\nICCode\nICCode.component.js.map
D:\My Space\POC\Demify\DemystifyFema_Main\DemystifyFema.Web\dist\out-tsc\src\app\service\admin\manual.service.js
D:\My Space\POC\Demify\DemystifyFema_Main\DemystifyFema.Web\dist\out-tsc\src\app\service\admin\manual.service.js.map
D:\My Space\POC\Demify\DemystifyFema_Main\DemystifyFema.Web\dist\out-tsc\src\app\areas\admin\manual\manuals.component.js
D:\My Space\POC\Demify\DemystifyFema_Main\DemystifyFema.Web\dist\out-tsc\src\app\areas\admin\manual\manuals.component.js.map
D:\My Space\POC\Demify\DemystifyFema_Main\DemystifyFema.Web\dist\out-tsc\src\app\areas\admin\manual\manual.component.js
D:\My Space\POC\Demify\DemystifyFema_Main\DemystifyFema.Web\dist\out-tsc\src\app\areas\admin\manual\manual.component.js.map
D:\My Space\POC\Demify\DemystifyFema_Main\DemystifyFema.Web\dist\out-tsc\src\app\service\admin\fetersCode.service.js
D:\My Space\POC\Demify\DemystifyFema_Main\DemystifyFema.Web\dist\out-tsc\src\app\service\admin\fetersCode.service.js.map
D:\My Space\POC\Demify\DemystifyFema_Main\DemystifyFema.Web\dist\out-tsc\src\app\service\admin\fetersCodeDetail.service.js
D:\My Space\POC\Demify\DemystifyFema_Main\DemystifyFema.Web\dist\out-tsc\src\app\service\admin\fetersCodeDetail.service.js.map
D:\My Space\POC\Demify\DemystifyFema_Main\DemystifyFema.Web\dist\out-tsc\src\app\service\admin\fetersCodeGroupDetail.service.js
D:\My Space\POC\Demify\DemystifyFema_Main\DemystifyFema.Web\dist\out-tsc\src\app\service\admin\fetersCodeGroupDetail.service.js.map
D:\My Space\POC\Demify\DemystifyFema_Main\DemystifyFema.Web\dist\out-tsc\src\app\areas\admin\fetersCode\fetersCodes.component.js
D:\My Space\POC\Demify\DemystifyFema_Main\DemystifyFema.Web\dist\out-tsc\src\app\areas\admin\fetersCode\fetersCodes.component.js.map
D:\My Space\POC\Demify\DemystifyFema_Main\DemystifyFema.Web\dist\out-tsc\src\app\areas\admin\fetersCode\fetersCode.component.js
D:\My Space\POC\Demify\DemystifyFema_Main\DemystifyFema.Web\dist\out-tsc\src\app\areas\admin\fetersCode\fetersCode.component.js.map
D:\My Space\POC\Demify\DemystifyFema_Main\DemystifyFema.Web\dist\out-tsc\src\app\areas\admin\fetersCodeDetail\fetersCodeDetail.component.js
D:\My Space\POC\Demify\DemystifyFema_Main\DemystifyFema.Web\dist\out-tsc\src\app\areas\admin\fetersCodeDetail\fetersCodeDetail.component.js.map
D:\My Space\POC\Demify\DemystifyFema_Main\DemystifyFema.Web\dist\out-tsc\src\app\areas\admin\fetersCodeGroupDetail\fetersCodeGroupDetail.component.js
D:\My Space\POC\Demify\DemystifyFema_Main\DemystifyFema.Web\dist\out-tsc\src\app\areas\admin\fetersCodeGroupDetail\fetersCodeGroupDetail.component.js.map
D:\My Space\POC\Demify\DemystifyFema_Main\DemystifyFema.Web\dist\out-tsc\src\app\service\admin\fIPBReview.service.js
D:\My Space\POC\Demify\DemystifyFema_Main\DemystifyFema.Web\dist\out-tsc\src\app\service\admin\fIPBReview.service.js.map
D:\My Space\POC\Demify\DemystifyFema_Main\DemystifyFema.Web\dist\out-tsc\src\app\areas\admin\fIPBReview\fIPBReview.component.js
D:\My Space\POC\Demify\DemystifyFema_Main\DemystifyFema.Web\dist\out-tsc\src\app\areas\admin\fIPBReview\fIPBReview.component.js.map
D:\My Space\POC\Demify\DemystifyFema_Main\DemystifyFema.Web\dist\out-tsc\src\app\areas\admin\fIPBReview\fIPBReviews.component.js
D:\My Space\POC\Demify\DemystifyFema_Main\DemystifyFema.Web\dist\out-tsc\src\app\areas\admin\fIPBReview\fIPBReviews.component.js.map
D:\My Space\POC\Demify\DemystifyFema_Main\DemystifyFema.Web\dist\out-tsc\src\app\service\admin\dIPPClarification.service.js
D:\My Space\POC\Demify\DemystifyFema_Main\DemystifyFema.Web\dist\out-tsc\src\app\service\admin\dIPPClarification.service.js.map
D:\My Space\POC\Demify\DemystifyFema_Main\DemystifyFema.Web\dist\out-tsc\src\app\areas\admin\dIPPClarification\dIPPClarification.component.js
D:\My Space\POC\Demify\DemystifyFema_Main\DemystifyFema.Web\dist\out-tsc\src\app\areas\admin\dIPPClarification\dIPPClarification.component.js.map
D:\My Space\POC\Demify\DemystifyFema_Main\DemystifyFema.Web\dist\out-tsc\src\app\areas\admin\dIPPClarification\dIPPClarifications.component.js
D:\My Space\POC\Demify\DemystifyFema_Main\DemystifyFema.Web\dist\out-tsc\src\app\areas\admin\dIPPClarification\dIPPClarifications.component.js.map
D:\My Space\POC\Demify\DemystifyFema_Main\DemystifyFema.Web\dist\out-tsc\src\app\service\admin\fIPBPressReleaseCase.service.js
D:\My Space\POC\Demify\DemystifyFema_Main\DemystifyFema.Web\dist\out-tsc\src\app\service\admin\fIPBPressReleaseCase.service.js.map
D:\My Space\POC\Demify\DemystifyFema_Main\DemystifyFema.Web\dist\out-tsc\src\app\areas\admin\fIPBPressReleaseCase\fIPBPressReleaseCase.component.js
D:\My Space\POC\Demify\DemystifyFema_Main\DemystifyFema.Web\dist\out-tsc\src\app\areas\admin\fIPBPressReleaseCase\fIPBPressReleaseCase.component.js.map
D:\My Space\POC\Demify\DemystifyFema_Main\DemystifyFema.Web\dist\out-tsc\src\app\areas\admin\fIPBPressReleaseCase\fIPBPressReleaseCases.component.js
D:\My Space\POC\Demify\DemystifyFema_Main\DemystifyFema.Web\dist\out-tsc\src\app\areas\admin\fIPBPressReleaseCase\fIPBPressReleaseCases.component.js.map
D:\My Space\POC\Demify\DemystifyFema_Main\DemystifyFema.Web\dist\out-tsc\src\app\service\admin\formSummaryDocumentation.service.js
D:\My Space\POC\Demify\DemystifyFema_Main\DemystifyFema.Web\dist\out-tsc\src\app\service\admin\formSummaryDocumentation.service.js.map
D:\My Space\POC\Demify\DemystifyFema_Main\DemystifyFema.Web\dist\out-tsc\src\app\areas\admin\form\form.component.js
D:\My Space\POC\Demify\DemystifyFema_Main\DemystifyFema.Web\dist\out-tsc\src\app\areas\admin\form\form.component.js.map
D:\My Space\POC\Demify\DemystifyFema_Main\DemystifyFema.Web\dist\out-tsc\src\app\service\admin\formSummaryDocumentationDetail.service.js
D:\My Space\POC\Demify\DemystifyFema_Main\DemystifyFema.Web\dist\out-tsc\src\app\service\admin\formSummaryDocumentationDetail.service.js.map
D:\My Space\POC\Demify\DemystifyFema_Main\DemystifyFema.Web\dist\out-tsc\src\app\areas\admin\form\forms.component.js
D:\My Space\POC\Demify\DemystifyFema_Main\DemystifyFema.Web\dist\out-tsc\src\app\areas\admin\form\forms.component.js.map
D:\My Space\POC\Demify\DemystifyFema_Main\DemystifyFema.Web\dist\out-tsc\src\app\areas\admin\formDetail\formDetail.component.js
D:\My Space\POC\Demify\DemystifyFema_Main\DemystifyFema.Web\dist\out-tsc\src\app\areas\admin\formDetail\formDetail.component.js.map
D:\My Space\POC\Demify\DemystifyFema_Main\DemystifyFema.Web\dist\out-tsc\src\app\areas\admin\summary\summaries.component.js
D:\My Space\POC\Demify\DemystifyFema_Main\DemystifyFema.Web\dist\out-tsc\src\app\areas\admin\summary\summaries.component.js.map
D:\My Space\POC\Demify\DemystifyFema_Main\DemystifyFema.Web\dist\out-tsc\src\app\areas\admin\summary\summary.component.js
D:\My Space\POC\Demify\DemystifyFema_Main\DemystifyFema.Web\dist\out-tsc\src\app\areas\admin\summary\summary.component.js.map
D:\My Space\POC\Demify\DemystifyFema_Main\DemystifyFema.Web\dist\out-tsc\src\app\areas\admin\summaryDetail\summaryDetail.component.js
D:\My Space\POC\Demify\DemystifyFema_Main\DemystifyFema.Web\dist\out-tsc\src\app\areas\admin\summaryDetail\summaryDetail.component.js.map
D:\My Space\POC\Demify\DemystifyFema_Main\DemystifyFema.Web\dist\out-tsc\src\app\areas\admin\documentation\documentation.component.js
D:\My Space\POC\Demify\DemystifyFema_Main\DemystifyFema.Web\dist\out-tsc\src\app\areas\admin\documentation\documentation.component.js.map
D:\My Space\POC\Demify\DemystifyFema_Main\DemystifyFema.Web\dist\out-tsc\src\app\areas\admin\documentation\documentations.component.js
D:\My Space\POC\Demify\DemystifyFema_Main\DemystifyFema.Web\dist\out-tsc\src\app\areas\admin\documentation\documentations.component.js.map
D:\My Space\POC\Demify\DemystifyFema_Main\DemystifyFema.Web\dist\out-tsc\src\app\areas\admin\documentationDetail\documentationDetail.component.js
D:\My Space\POC\Demify\DemystifyFema_Main\DemystifyFema.Web\dist\out-tsc\src\app\areas\admin\documentationDetail\documentationDetail.component.js.map
D:\My Space\POC\Demify\DemystifyFema_Main\DemystifyFema.Web\dist\out-tsc\src\app\model\rBILiaisonOffice.js
D:\My Space\POC\Demify\DemystifyFema_Main\DemystifyFema.Web\dist\out-tsc\src\app\model\rBILiaisonOffice.js.map
D:\My Space\POC\Demify\DemystifyFema_Main\DemystifyFema.Web\dist\out-tsc\src\app\service\admin\rBILiaisonOffice.service.js
D:\My Space\POC\Demify\DemystifyFema_Main\DemystifyFema.Web\dist\out-tsc\src\app\service\admin\rBILiaisonOffice.service.js.map
D:\My Space\POC\Demify\DemystifyFema_Main\DemystifyFema.Web\dist\out-tsc\src\app\areas\admin\rBILiaisonOffice\rBILiaisonOffice.component.js
D:\My Space\POC\Demify\DemystifyFema_Main\DemystifyFema.Web\dist\out-tsc\src\app\areas\admin\rBILiaisonOffice\rBILiaisonOffice.component.js.map
D:\My Space\POC\Demify\DemystifyFema_Main\DemystifyFema.Web\dist\out-tsc\src\app\areas\admin\rBILiaisonOffice\rBILiaisonOffices.component.js
D:\My Space\POC\Demify\DemystifyFema_Main\DemystifyFema.Web\dist\out-tsc\src\app\areas\admin\rBILiaisonOffice\rBILiaisonOffices.component.js.map
D:\My Space\POC\Demify\DemystifyFema_Main\DemystifyFema.Web\dist\out-tsc\src\app\service\admin\rBICompoundingOrder.service.js
D:\My Space\POC\Demify\DemystifyFema_Main\DemystifyFema.Web\dist\out-tsc\src\app\service\admin\rBICompoundingOrder.service.js.map
D:\My Space\POC\Demify\DemystifyFema_Main\DemystifyFema.Web\dist\out-tsc\src\app\areas\admin\rBICompoundingOrder\rBICompoundingOrder.component.js
D:\My Space\POC\Demify\DemystifyFema_Main\DemystifyFema.Web\dist\out-tsc\src\app\areas\admin\rBICompoundingOrder\rBICompoundingOrder.component.js.map
D:\My Space\POC\Demify\DemystifyFema_Main\DemystifyFema.Web\dist\out-tsc\src\app\areas\admin\rBICompoundingOrder\rBICompoundingOrders.component.js
D:\My Space\POC\Demify\DemystifyFema_Main\DemystifyFema.Web\dist\out-tsc\src\app\areas\admin\rBICompoundingOrder\rBICompoundingOrders.component.js.map
D:\My Space\POC\Demify\DemystifyFema_Main\DemystifyFema.Web\dist\out-tsc\src\app\service\admin\rBIData.service.js
D:\My Space\POC\Demify\DemystifyFema_Main\DemystifyFema.Web\dist\out-tsc\src\app\service\admin\rBIData.service.js.map
D:\My Space\POC\Demify\DemystifyFema_Main\DemystifyFema.Web\dist\out-tsc\src\app\areas\admin\rBIData\rBIData.component.js
D:\My Space\POC\Demify\DemystifyFema_Main\DemystifyFema.Web\dist\out-tsc\src\app\areas\admin\rBIData\rBIData.component.js.map
D:\My Space\POC\Demify\DemystifyFema_Main\DemystifyFema.Web\dist\out-tsc\src\app\service\admin\rBIDataDetail.service.js
D:\My Space\POC\Demify\DemystifyFema_Main\DemystifyFema.Web\dist\out-tsc\src\app\service\admin\rBIDataDetail.service.js.map
D:\My Space\POC\Demify\DemystifyFema_Main\DemystifyFema.Web\dist\out-tsc\src\app\areas\admin\rBIData\rBIDatas.component.js
D:\My Space\POC\Demify\DemystifyFema_Main\DemystifyFema.Web\dist\out-tsc\src\app\areas\admin\rBIData\rBIDatas.component.js.map
D:\My Space\POC\Demify\DemystifyFema_Main\DemystifyFema.Web\dist\out-tsc\src\app\areas\admin\rBIDataDetail\rBIDataDetail.component.js
D:\My Space\POC\Demify\DemystifyFema_Main\DemystifyFema.Web\dist\out-tsc\src\app\areas\admin\rBIDataDetail\rBIDataDetail.component.js.map
D:\My Space\POC\Demify\DemystifyFema_Main\DemystifyFema.Web\dist\out-tsc\src\app\model\rules.js
D:\My Space\POC\Demify\DemystifyFema_Main\DemystifyFema.Web\dist\out-tsc\src\app\model\rules.js.map
D:\My Space\POC\Demify\DemystifyFema_Main\DemystifyFema.Web\dist\out-tsc\src\app\service\admin\rules.service.js
D:\My Space\POC\Demify\DemystifyFema_Main\DemystifyFema.Web\dist\out-tsc\src\app\service\admin\rules.service.js.map
D:\My Space\POC\Demify\DemystifyFema_Main\DemystifyFema.Web\dist\out-tsc\src\app\areas\admin\rules\rules.component.js
D:\My Space\POC\Demify\DemystifyFema_Main\DemystifyFema.Web\dist\out-tsc\src\app\areas\admin\rules\rules.component.js.map
D:\My Space\POC\Demify\DemystifyFema_Main\DemystifyFema.Web\dist\out-tsc\src\app\service\admin\rulesIndex.service.js
D:\My Space\POC\Demify\DemystifyFema_Main\DemystifyFema.Web\dist\out-tsc\src\app\service\admin\rulesIndex.service.js.map
D:\My Space\POC\Demify\DemystifyFema_Main\DemystifyFema.Web\dist\out-tsc\src\app\service\admin\rulesIndexAmendment.service.js
D:\My Space\POC\Demify\DemystifyFema_Main\DemystifyFema.Web\dist\out-tsc\src\app\service\admin\rulesIndexAmendment.service.js.map
D:\My Space\POC\Demify\DemystifyFema_Main\DemystifyFema.Web\dist\out-tsc\src\app\service\admin\rulesSubIndex.service.js
D:\My Space\POC\Demify\DemystifyFema_Main\DemystifyFema.Web\dist\out-tsc\src\app\service\admin\rulesSubIndex.service.js.map
D:\My Space\POC\Demify\DemystifyFema_Main\DemystifyFema.Web\dist\out-tsc\src\app\areas\admin\rules\ruless.component.js
D:\My Space\POC\Demify\DemystifyFema_Main\DemystifyFema.Web\dist\out-tsc\src\app\areas\admin\rules\ruless.component.js.map
D:\My Space\POC\Demify\DemystifyFema_Main\DemystifyFema.Web\dist\out-tsc\src\app\areas\admin\rulesIndex\rulesIndex.component.js
D:\My Space\POC\Demify\DemystifyFema_Main\DemystifyFema.Web\dist\out-tsc\src\app\areas\admin\rulesIndex\rulesIndex.component.js.map
D:\My Space\POC\Demify\DemystifyFema_Main\DemystifyFema.Web\dist\out-tsc\src\app\areas\admin\rulesSubIndex\rulesSubIndex.component.js
D:\My Space\POC\Demify\DemystifyFema_Main\DemystifyFema.Web\dist\out-tsc\src\app\areas\admin\rulesSubIndex\rulesSubIndex.component.js.map
D:\My Space\POC\Demify\DemystifyFema_Main\DemystifyFema.Web\dist\out-tsc\src\app\service\admin\gSRNotification.service.js
D:\My Space\POC\Demify\DemystifyFema_Main\DemystifyFema.Web\dist\out-tsc\src\app\service\admin\gSRNotification.service.js.map
D:\My Space\POC\Demify\DemystifyFema_Main\DemystifyFema.Web\dist\out-tsc\src\app\areas\admin\gSRNotification\gSRNotification.component.js
D:\My Space\POC\Demify\DemystifyFema_Main\DemystifyFema.Web\dist\out-tsc\src\app\areas\admin\gSRNotification\gSRNotification.component.js.map
D:\My Space\POC\Demify\DemystifyFema_Main\DemystifyFema.Web\dist\out-tsc\src\app\areas\admin\gSRNotification\gSRNotifications.component.js
D:\My Space\POC\Demify\DemystifyFema_Main\DemystifyFema.Web\dist\out-tsc\src\app\areas\admin\gSRNotification\gSRNotifications.component.js.map
D:\My Space\POC\Demify\DemystifyFema_Main\DemystifyFema.Web\dist\out-tsc\src\app\areas\admin\rulesIndexAmendment\rulesIndexAmendment.component.js
D:\My Space\POC\Demify\DemystifyFema_Main\DemystifyFema.Web\dist\out-tsc\src\app\areas\admin\rulesIndexAmendment\rulesIndexAmendment.component.js.map
D:\My Space\POC\Demify\DemystifyFema_Main\DemystifyFema.Web\dist\out-tsc\src\app\service\admin\authorWriteUp.service.js
D:\My Space\POC\Demify\DemystifyFema_Main\DemystifyFema.Web\dist\out-tsc\src\app\service\admin\authorWriteUp.service.js.map
D:\My Space\POC\Demify\DemystifyFema_Main\DemystifyFema.Web\dist\out-tsc\src\app\areas\admin\authorWriteUp\authorWriteUp.component.js
D:\My Space\POC\Demify\DemystifyFema_Main\DemystifyFema.Web\dist\out-tsc\src\app\areas\admin\authorWriteUp\authorWriteUp.component.js.map
D:\My Space\POC\Demify\DemystifyFema_Main\DemystifyFema.Web\dist\out-tsc\src\app\service\admin\authorWriteUpDetail.service.js
D:\My Space\POC\Demify\DemystifyFema_Main\DemystifyFema.Web\dist\out-tsc\src\app\service\admin\authorWriteUpDetail.service.js.map
D:\My Space\POC\Demify\DemystifyFema_Main\DemystifyFema.Web\dist\out-tsc\src\app\areas\admin\authorWriteUp\authorWriteUps.component.js
D:\My Space\POC\Demify\DemystifyFema_Main\DemystifyFema.Web\dist\out-tsc\src\app\areas\admin\authorWriteUp\authorWriteUps.component.js.map
D:\My Space\POC\Demify\DemystifyFema_Main\DemystifyFema.Web\dist\out-tsc\src\app\areas\admin\authorWriteUpDetail\authorWriteUpDetail.component.js
D:\My Space\POC\Demify\DemystifyFema_Main\DemystifyFema.Web\dist\out-tsc\src\app\areas\admin\authorWriteUpDetail\authorWriteUpDetail.component.js.map
D:\My Space\POC\Demify\DemystifyFema_Main\DemystifyFema.Web\dist\out-tsc\src\app\model\authorFAQ.js
D:\My Space\POC\Demify\DemystifyFema_Main\DemystifyFema.Web\dist\out-tsc\src\app\model\authorFAQ.js.map
D:\My Space\POC\Demify\DemystifyFema_Main\DemystifyFema.Web\dist\out-tsc\src\app\service\admin\authorFAQ.service.js
D:\My Space\POC\Demify\DemystifyFema_Main\DemystifyFema.Web\dist\out-tsc\src\app\service\admin\authorFAQ.service.js.map
D:\My Space\POC\Demify\DemystifyFema_Main\DemystifyFema.Web\dist\out-tsc\src\app\areas\admin\authorFAQ\authorFAQ.component.js
D:\My Space\POC\Demify\DemystifyFema_Main\DemystifyFema.Web\dist\out-tsc\src\app\areas\admin\authorFAQ\authorFAQ.component.js.map
D:\My Space\POC\Demify\DemystifyFema_Main\DemystifyFema.Web\dist\out-tsc\src\app\model\authorFAQDetail.js
D:\My Space\POC\Demify\DemystifyFema_Main\DemystifyFema.Web\dist\out-tsc\src\app\model\authorFAQDetail.js.map
D:\My Space\POC\Demify\DemystifyFema_Main\DemystifyFema.Web\dist\out-tsc\src\app\model\authorFAQQuestionReply.js
D:\My Space\POC\Demify\DemystifyFema_Main\DemystifyFema.Web\dist\out-tsc\src\app\model\authorFAQQuestionReply.js.map
D:\My Space\POC\Demify\DemystifyFema_Main\DemystifyFema.Web\dist\out-tsc\src\app\service\admin\authorFAQDetail.service.js
D:\My Space\POC\Demify\DemystifyFema_Main\DemystifyFema.Web\dist\out-tsc\src\app\service\admin\authorFAQDetail.service.js.map
D:\My Space\POC\Demify\DemystifyFema_Main\DemystifyFema.Web\dist\out-tsc\src\app\service\admin\authorFAQQuestionReply.service.js
D:\My Space\POC\Demify\DemystifyFema_Main\DemystifyFema.Web\dist\out-tsc\src\app\service\admin\authorFAQQuestionReply.service.js.map
D:\My Space\POC\Demify\DemystifyFema_Main\DemystifyFema.Web\dist\out-tsc\src\app\areas\admin\authorFAQ\authorFAQs.component.js
D:\My Space\POC\Demify\DemystifyFema_Main\DemystifyFema.Web\dist\out-tsc\src\app\areas\admin\authorFAQ\authorFAQs.component.js.map
D:\My Space\POC\Demify\DemystifyFema_Main\DemystifyFema.Web\dist\out-tsc\src\app\areas\admin\authorFAQDetail\authorFAQDetail.component.js
D:\My Space\POC\Demify\DemystifyFema_Main\DemystifyFema.Web\dist\out-tsc\src\app\areas\admin\authorFAQDetail\authorFAQDetail.component.js.map
D:\My Space\POC\Demify\DemystifyFema_Main\DemystifyFema.Web\dist\out-tsc\src\app\areas\admin\authorFAQQuestionReply\authorFAQQuestionReply.component.js
D:\My Space\POC\Demify\DemystifyFema_Main\DemystifyFema.Web\dist\out-tsc\src\app\areas\admin\authorFAQQuestionReply\authorFAQQuestionReply.component.js.map
D:\My Space\POC\Demify\DemystifyFema_Main\DemystifyFema.Web\dist\out-tsc\src\app\service\admin\keyDefinitionEvent.service.js
D:\My Space\POC\Demify\DemystifyFema_Main\DemystifyFema.Web\dist\out-tsc\src\app\service\admin\keyDefinitionEvent.service.js.map
D:\My Space\POC\Demify\DemystifyFema_Main\DemystifyFema.Web\dist\out-tsc\src\app\areas\admin\keyDefinition\keyDefinition.component.js
D:\My Space\POC\Demify\DemystifyFema_Main\DemystifyFema.Web\dist\out-tsc\src\app\areas\admin\keyDefinition\keyDefinition.component.js.map
D:\My Space\POC\Demify\DemystifyFema_Main\DemystifyFema.Web\dist\out-tsc\src\app\areas\admin\keyDefinition\keyDefinitions.component.js
D:\My Space\POC\Demify\DemystifyFema_Main\DemystifyFema.Web\dist\out-tsc\src\app\areas\admin\keyDefinition\keyDefinitions.component.js.map
D:\My Space\POC\Demify\DemystifyFema_Main\DemystifyFema.Web\dist\out-tsc\src\app\areas\admin\keyEvent\keyEvent.component.js
D:\My Space\POC\Demify\DemystifyFema_Main\DemystifyFema.Web\dist\out-tsc\src\app\areas\admin\keyEvent\keyEvent.component.js.map
D:\My Space\POC\Demify\DemystifyFema_Main\DemystifyFema.Web\dist\out-tsc\src\app\areas\admin\keyEvent\keyEvents.component.js
D:\My Space\POC\Demify\DemystifyFema_Main\DemystifyFema.Web\dist\out-tsc\src\app\areas\admin\keyEvent\keyEvents.component.js.map
D:\My Space\POC\Demify\DemystifyFema_Main\DemystifyFema.Web\dist\out-tsc\src\app\service\admin\fEMASubModuleOfModule.service.js
D:\My Space\POC\Demify\DemystifyFema_Main\DemystifyFema.Web\dist\out-tsc\src\app\service\admin\fEMASubModuleOfModule.service.js.map
D:\My Space\POC\Demify\DemystifyFema_Main\DemystifyFema.Web\dist\out-tsc\src\app\areas\admin\fEMAModule\fEMAModule.component.js
D:\My Space\POC\Demify\DemystifyFema_Main\DemystifyFema.Web\dist\out-tsc\src\app\areas\admin\fEMAModule\fEMAModule.component.js.map
D:\My Space\POC\Demify\DemystifyFema_Main\DemystifyFema.Web\dist\out-tsc\src\app\areas\admin\fEMAModule\fEMAModules.component.js
D:\My Space\POC\Demify\DemystifyFema_Main\DemystifyFema.Web\dist\out-tsc\src\app\areas\admin\fEMAModule\fEMAModules.component.js.map
D:\My Space\POC\Demify\DemystifyFema_Main\DemystifyFema.Web\dist\out-tsc\src\app\service\admin\supportTicket.service.js
D:\My Space\POC\Demify\DemystifyFema_Main\DemystifyFema.Web\dist\out-tsc\src\app\service\admin\supportTicket.service.js.map
D:\My Space\POC\Demify\DemystifyFema_Main\DemystifyFema.Web\dist\out-tsc\src\app\areas\admin\supportTicket\supportTicket.component.js
D:\My Space\POC\Demify\DemystifyFema_Main\DemystifyFema.Web\dist\out-tsc\src\app\areas\admin\supportTicket\supportTicket.component.js.map
D:\My Space\POC\Demify\DemystifyFema_Main\DemystifyFema.Web\dist\out-tsc\src\app\service\admin\supportTicketReply.service.js
D:\My Space\POC\Demify\DemystifyFema_Main\DemystifyFema.Web\dist\out-tsc\src\app\service\admin\supportTicketReply.service.js.map
D:\My Space\POC\Demify\DemystifyFema_Main\DemystifyFema.Web\dist\out-tsc\src\app\areas\admin\supportTicketReply\supportTicketReply.component.js
D:\My Space\POC\Demify\DemystifyFema_Main\DemystifyFema.Web\dist\out-tsc\src\app\areas\admin\supportTicketReply\supportTicketReply.component.js.map
D:\My Space\POC\Demify\DemystifyFema_Main\DemystifyFema.Web\dist\out-tsc\src\app\areas\admin\postQuery\postQuery.component.js
D:\My Space\POC\Demify\DemystifyFema_Main\DemystifyFema.Web\dist\out-tsc\src\app\areas\admin\postQuery\postQuery.component.js.map
D:\My Space\POC\Demify\DemystifyFema_Main\DemystifyFema.Web\dist\out-tsc\src\app\areas\admin\PrivacyPolicy\indexPrivacyPolicy.component.js
D:\My Space\POC\Demify\DemystifyFema_Main\DemystifyFema.Web\dist\out-tsc\src\app\areas\admin\PrivacyPolicy\indexPrivacyPolicy.component.js.map
D:\My Space\POC\Demify\DemystifyFema_Main\DemystifyFema.Web\dist\out-tsc\src\app\areas\admin\TermsandCondition\indexTermsandCondition.component.js
D:\My Space\POC\Demify\DemystifyFema_Main\DemystifyFema.Web\dist\out-tsc\src\app\areas\admin\TermsandCondition\indexTermsandCondition.component.js.map
D:\My Space\POC\Demify\DemystifyFema_Main\DemystifyFema.Web\dist\out-tsc\src\app\areas\admin\EULAggrement\indexEULAggrement.component.js
D:\My Space\POC\Demify\DemystifyFema_Main\DemystifyFema.Web\dist\out-tsc\src\app\areas\admin\EULAggrement\indexEULAggrement.component.js.map
D:\My Space\POC\Demify\DemystifyFema_Main\DemystifyFema.Web\dist\out-tsc\src\app\areas\admin\SubscriptionPolicy\indexSubscriptionPolicy.component.js
D:\My Space\POC\Demify\DemystifyFema_Main\DemystifyFema.Web\dist\out-tsc\src\app\areas\admin\SubscriptionPolicy\indexSubscriptionPolicy.component.js.map
D:\My Space\POC\Demify\DemystifyFema_Main\DemystifyFema.Web\dist\out-tsc\src\app\areas\admin\postQueryReply\postQueryReply.component.js
D:\My Space\POC\Demify\DemystifyFema_Main\DemystifyFema.Web\dist\out-tsc\src\app\areas\admin\postQueryReply\postQueryReply.component.js.map
D:\My Space\POC\Demify\DemystifyFema_Main\DemystifyFema.Web\dist\out-tsc\src\app\service\admin\userProfile.service.js
D:\My Space\POC\Demify\DemystifyFema_Main\DemystifyFema.Web\dist\out-tsc\src\app\service\admin\userProfile.service.js.map
D:\My Space\POC\Demify\DemystifyFema_Main\DemystifyFema.Web\dist\out-tsc\src\app\service\admin\subscription.service.js
D:\My Space\POC\Demify\DemystifyFema_Main\DemystifyFema.Web\dist\out-tsc\src\app\service\admin\subscription.service.js.map
D:\My Space\POC\Demify\DemystifyFema_Main\DemystifyFema.Web\dist\out-tsc\src\app\areas\admin\userProfile\userProfiles.component.js
D:\My Space\POC\Demify\DemystifyFema_Main\DemystifyFema.Web\dist\out-tsc\src\app\areas\admin\userProfile\userProfiles.component.js.map
D:\My Space\POC\Demify\DemystifyFema_Main\DemystifyFema.Web\dist\out-tsc\src\app\areas\admin\userProfile\otpConfirmationForProfile.component.js
D:\My Space\POC\Demify\DemystifyFema_Main\DemystifyFema.Web\dist\out-tsc\src\app\areas\admin\userProfile\otpConfirmationForProfile.component.js.map
D:\My Space\POC\Demify\DemystifyFema_Main\DemystifyFema.Web\dist\out-tsc\src\app\areas\admin\userProfile\userProfile.component.js
D:\My Space\POC\Demify\DemystifyFema_Main\DemystifyFema.Web\dist\out-tsc\src\app\areas\admin\userProfile\userProfile.component.js.map
D:\My Space\POC\Demify\DemystifyFema_Main\DemystifyFema.Web\dist\out-tsc\src\app\service\admin\subscriptionPackage.service.js
D:\My Space\POC\Demify\DemystifyFema_Main\DemystifyFema.Web\dist\out-tsc\src\app\service\admin\subscriptionPackage.service.js.map
D:\My Space\POC\Demify\DemystifyFema_Main\DemystifyFema.Web\dist\out-tsc\src\app\areas\admin\subscriptionPackage\subscriptionPackages.component.js
D:\My Space\POC\Demify\DemystifyFema_Main\DemystifyFema.Web\dist\out-tsc\src\app\areas\admin\subscriptionPackage\subscriptionPackages.component.js.map
D:\My Space\POC\Demify\DemystifyFema_Main\DemystifyFema.Web\dist\out-tsc\src\app\areas\admin\subscriptionPackage\subscriptionPackage.component.js
D:\My Space\POC\Demify\DemystifyFema_Main\DemystifyFema.Web\dist\out-tsc\src\app\areas\admin\subscriptionPackage\subscriptionPackage.component.js.map
D:\My Space\POC\Demify\DemystifyFema_Main\DemystifyFema.Web\dist\out-tsc\src\app\areas\admin\privacyPolicyAdd\PrivacyPolicy.component.js
D:\My Space\POC\Demify\DemystifyFema_Main\DemystifyFema.Web\dist\out-tsc\src\app\areas\admin\privacyPolicyAdd\PrivacyPolicy.component.js.map
D:\My Space\POC\Demify\DemystifyFema_Main\DemystifyFema.Web\dist\out-tsc\src\app\areas\admin\termsandConditionAdd\TermsandCondition.component.js
D:\My Space\POC\Demify\DemystifyFema_Main\DemystifyFema.Web\dist\out-tsc\src\app\areas\admin\termsandConditionAdd\TermsandCondition.component.js.map
D:\My Space\POC\Demify\DemystifyFema_Main\DemystifyFema.Web\dist\out-tsc\src\app\areas\admin\EULAggrementAdd\EULAggrement.component.js
D:\My Space\POC\Demify\DemystifyFema_Main\DemystifyFema.Web\dist\out-tsc\src\app\areas\admin\EULAggrementAdd\EULAggrement.component.js.map
D:\My Space\POC\Demify\DemystifyFema_Main\DemystifyFema.Web\dist\out-tsc\src\app\areas\admin\SubscriptionPolicyAdd\SubscriptionPolicy.component.js
D:\My Space\POC\Demify\DemystifyFema_Main\DemystifyFema.Web\dist\out-tsc\src\app\areas\admin\SubscriptionPolicyAdd\SubscriptionPolicy.component.js.map
D:\My Space\POC\Demify\DemystifyFema_Main\DemystifyFema.Web\dist\out-tsc\src\app\areas\user\PaytmCallback\PaytmCallback.component.js
D:\My Space\POC\Demify\DemystifyFema_Main\DemystifyFema.Web\dist\out-tsc\src\app\areas\user\PaytmCallback\PaytmCallback.component.js.map
D:\My Space\POC\Demify\DemystifyFema_Main\DemystifyFema.Web\dist\out-tsc\src\app\common\sidebarPanel.component.js
D:\My Space\POC\Demify\DemystifyFema_Main\DemystifyFema.Web\dist\out-tsc\src\app\common\sidebarPanel.component.js.map
D:\My Space\POC\Demify\DemystifyFema_Main\DemystifyFema.Web\dist\out-tsc\src\app\app.component.js
D:\My Space\POC\Demify\DemystifyFema_Main\DemystifyFema.Web\dist\out-tsc\src\app\app.component.js.map
D:\My Space\POC\Demify\DemystifyFema_Main\DemystifyFema.Web\dist\out-tsc\src\app\routes\admin.routes.js
D:\My Space\POC\Demify\DemystifyFema_Main\DemystifyFema.Web\dist\out-tsc\src\app\routes\admin.routes.js.map
D:\My Space\POC\Demify\DemystifyFema_Main\DemystifyFema.Web\dist\out-tsc\src\app\routes\user.routes.js
D:\My Space\POC\Demify\DemystifyFema_Main\DemystifyFema.Web\dist\out-tsc\src\app\routes\user.routes.js.map
D:\My Space\POC\Demify\DemystifyFema_Main\DemystifyFema.Web\dist\out-tsc\src\app\app.routes.js
D:\My Space\POC\Demify\DemystifyFema_Main\DemystifyFema.Web\dist\out-tsc\src\app\app.routes.js.map
D:\My Space\POC\Demify\DemystifyFema_Main\DemystifyFema.Web\dist\out-tsc\src\app\common\safeHtmlPipe.js
D:\My Space\POC\Demify\DemystifyFema_Main\DemystifyFema.Web\dist\out-tsc\src\app\common\safeHtmlPipe.js.map
D:\My Space\POC\Demify\DemystifyFema_Main\DemystifyFema.Web\dist\out-tsc\src\app\app.module.js
D:\My Space\POC\Demify\DemystifyFema_Main\DemystifyFema.Web\dist\out-tsc\src\app\app.module.js.map
D:\My Space\POC\Demify\DemystifyFema_Main\DemystifyFema.Web\dist\out-tsc\src\environments\environment.js
D:\My Space\POC\Demify\DemystifyFema_Main\DemystifyFema.Web\dist\out-tsc\src\environments\environment.js.map
D:\My Space\POC\Demify\DemystifyFema_Main\DemystifyFema.Web\dist\out-tsc\src\main.js
D:\My Space\POC\Demify\DemystifyFema_Main\DemystifyFema.Web\dist\out-tsc\src\main.js.map
D:\My Space\POC\Demify\DemystifyFema_Main\DemystifyFema.Web\dist\out-tsc\src\polyfills.js
D:\My Space\POC\Demify\DemystifyFema_Main\DemystifyFema.Web\dist\out-tsc\src\polyfills.js.map
D:\My Space\POC\Demify\DemystifyFema_Main\DemystifyFema.Web\dist\out-tsc\src\test.js
D:\My Space\POC\Demify\DemystifyFema_Main\DemystifyFema.Web\dist\out-tsc\src\test.js.map
D:\My Space\POC\Demify\DemystifyFema_Main\DemystifyFema.Web\dist\out-tsc\e2e\src\app.po.js
D:\My Space\POC\Demify\DemystifyFema_Main\DemystifyFema.Web\dist\out-tsc\e2e\src\app.po.js.map
D:\My Space\POC\Demify\DemystifyFema_Main\DemystifyFema.Web\dist\out-tsc\e2e\src\app.e2e-spec.js
D:\My Space\POC\Demify\DemystifyFema_Main\DemystifyFema.Web\dist\out-tsc\e2e\src\app.e2e-spec.js.map
D:\My Space\POC\Demify\DemystifyFema_Main\DemystifyFema.Web\dist\out-tsc\src\app\main.js
D:\My Space\POC\Demify\DemystifyFema_Main\DemystifyFema.Web\dist\out-tsc\src\app\main.js.map
D:\My Space\POC\Demify\DemystifyFema_Main\DemystifyFema.Web\dist\out-tsc\src\environments\environment.prod.js
D:\My Space\POC\Demify\DemystifyFema_Main\DemystifyFema.Web\dist\out-tsc\src\environments\environment.prod.js.map
